<?xml version="1.0" encoding="UTF-8"?>
<!-- Generated by org.testng.reporters.JUnitReportReporter -->
<testsuite hostname="delsban3586781" name="com.galenframework.java.USB.tests.SecureLandingPage_creative_Verification" tests="15" failures="15" timestamp="30 Jul 2017 17:48:34 GMT" time="1987.848" errors="0">
  <testcase name="usbPublicLandingPage" time="53.403" classname="com.galenframework.java.USB.tests.SecureLandingPage_creative_Verification">
    <failure type="com.galenframework.support.LayoutValidationException" message="/specs/usbpubliclanding.spec, tags: [tablet]
  - color #e03e4b on &quot;header-container&quot; is 5% but it should be greater than 90% (/specs/usbpubliclanding.spec:63)
  - &quot;left-menu-head&quot; is 103px left instead of 0px (/specs/usbpubliclanding.spec:66)
  - &quot;logo-img&quot; is absent on page (/specs/usbpubliclanding.spec:69)
  - &quot;logo-img&quot; is absent on page (/specs/usbpubliclanding.spec:70)
  - &quot;for-developers&quot; is 128px left instead of 229px (/specs/usbpubliclanding.spec:73)
  - &quot;logo-img&quot; is absent on page (/specs/usbpubliclanding.spec:74)
  - &quot;for-developers&quot; height is 25px which is not in range of 19 to 23px (/specs/usbpubliclanding.spec:75)
  - &quot;right-menu-head&quot; is not visible on page (/specs/usbpubliclanding.spec:112)
  - &quot;right-menu-head&quot; is not visible on page (/specs/usbpubliclanding.spec:113)
  - &quot;right-menuhead-items-1&quot; is not visible on page (/specs/usbpubliclanding.spec:117)
  - &quot;right-menuhead-items-1&quot; is not visible on page (/specs/usbpubliclanding.spec:118)
  - &quot;right-menuhead-items-1&quot; is not visible on page (/specs/usbpubliclanding.spec:121)
  - &quot;right-menuhead-items-1&quot; is not visible on page (/specs/usbpubliclanding.spec:122)
  - &quot;right-menuhead-items-2&quot; is not visible on page (/specs/usbpubliclanding.spec:121)
  - &quot;right-menuhead-items-2&quot; is not visible on page (/specs/usbpubliclanding.spec:122)
  - &quot;right-menuhead-items-2&quot; is not visible on page (/specs/usbpubliclanding.spec:126)
  - &quot;right-menuhead-items-2&quot; is not visible on page (/specs/usbpubliclanding.spec:127)
  - &quot;right-menuhead-items-3&quot; is not visible on page (/specs/usbpubliclanding.spec:121)
  - &quot;right-menuhead-items-3&quot; is not visible on page (/specs/usbpubliclanding.spec:122)
  - &quot;right-menuhead-items-3&quot; is not visible on page (/specs/usbpubliclanding.spec:126)
  - &quot;right-menuhead-items-3&quot; is not visible on page (/specs/usbpubliclanding.spec:127)
  - &quot;right-menuhead-items-4&quot; is not visible on page (/specs/usbpubliclanding.spec:121)
  - &quot;right-menuhead-items-4&quot; is not visible on page (/specs/usbpubliclanding.spec:122)
  - &quot;right-menuhead-items-4&quot; is not visible on page (/specs/usbpubliclanding.spec:126)
  - &quot;right-menuhead-items-4&quot; is not visible on page (/specs/usbpubliclanding.spec:127)
  - &quot;right-menuhead-items-5&quot; is not visible on page (/specs/usbpubliclanding.spec:121)
  - &quot;right-menuhead-items-5&quot; is not visible on page (/specs/usbpubliclanding.spec:122)
  - &quot;right-menuhead-items-5&quot; is not visible on page (/specs/usbpubliclanding.spec:126)
  - &quot;right-menuhead-items-5&quot; is not visible on page (/specs/usbpubliclanding.spec:127)
  - &quot;hero-banner&quot; is 58px top instead of 0px (/specs/usbpubliclanding.spec:176)
  - color #e03e4b on &quot;hero-banner&quot; is 58% but it should be greater than 90% (/specs/usbpubliclanding.spec:177)
  - &quot;hero-head&quot; is 11px left instead of 52px (/specs/usbpubliclanding.spec:180)
  - &quot;hero-head&quot; height is 27px which is not in range of 36 to 40px (/specs/usbpubliclanding.spec:181)
  - &quot;hero-head&quot; css property &quot;line-height&quot; is &quot;27px&quot; but should be &quot;38px&quot; (/specs/usbpubliclanding.spec:183)
  - &quot;hero-para&quot; is 11px left instead of 52px (/specs/usbpubliclanding.spec:186)
  - &quot;hero-para&quot; height is 27px which is not in range of 36 to 40px (/specs/usbpubliclanding.spec:188)
  - &quot;hero-para&quot; css property &quot;line-height&quot; is &quot;27px&quot; but should be &quot;38px&quot; (/specs/usbpubliclanding.spec:190)
  - &quot;hero-cta1&quot; is 11px left instead of 52px, is 135px top instead of 432px (/specs/usbpubliclanding.spec:193)
  - &quot;hero-cta1&quot; is 32px below &quot;hero-para&quot; instead of 71px (/specs/usbpubliclanding.spec:194)
  - &quot;hero-cta1&quot; height is 96px which is not in range of 38 to 42px (/specs/usbpubliclanding.spec:195)
  - &quot;hero-cta1&quot; css property &quot;line-height&quot; is &quot;20px&quot; but should be &quot;16px&quot; (/specs/usbpubliclanding.spec:197)
  - &quot;Highlight2&quot; height is 65px which is not in range of 98 to 104px (/specs/usbpubliclanding.spec:425)
  - &quot;Highlight2&quot; is 679px left which is not in range of 492 to 496px (/specs/usbpubliclanding.spec:426)
  - &quot;Highlight2&quot; is 403px right of &quot;Highlight1&quot; which is not in range of 215 to 219px (/specs/usbpubliclanding.spec:427)
  - &quot;Highlight3&quot; width is 65px which is not in range of 80 to 86px (/specs/usbpubliclanding.spec:431)
  - &quot;Highlight3&quot; height is 107px which is not in range of 80 to 86px (/specs/usbpubliclanding.spec:432)
  - &quot;Highlight3&quot; is 211px left which is not in range of 200 to 204px (/specs/usbpubliclanding.spec:433)
  - &quot;Highlight3&quot; is 157px below &quot;Highlight1&quot; which is not in range of 170 to 174px (/specs/usbpubliclanding.spec:434)
  - &quot;Highlight4&quot; width is 65px which is not in range of 76 to 83px (/specs/usbpubliclanding.spec:438)
  - &quot;Highlight4&quot; height is 65px which is not in range of 76 to 83px (/specs/usbpubliclanding.spec:439)
  - &quot;Highlight4&quot; is 679px left which is not in range of 483 to 487px (/specs/usbpubliclanding.spec:440)
  - &quot;Highlight4&quot; is -65px below &quot;Highlight4&quot; which is not in range of 158 to 162px (/specs/usbpubliclanding.spec:441)
  - &quot;HighlightTitle1&quot; width is 417px which is not in range of 252 to 260px (/specs/usbpubliclanding.spec:444)
  - &quot;HighlightTitle1&quot; css property &quot;font-size&quot; is &quot;22px&quot; but should be &quot;21px&quot; (/specs/usbpubliclanding.spec:446)
  - &quot;HighlightTitle1&quot; css property &quot;line-height&quot; is &quot;27px&quot; but should be &quot;26px&quot; (/specs/usbpubliclanding.spec:447)
  - &quot;HighlightTitle1&quot; is 35px left which is not in range of 113 to 117px (/specs/usbpubliclanding.spec:448)
  - &quot;HighlightTitle2&quot; width is 417px which is not in range of 252 to 260px (/specs/usbpubliclanding.spec:453)
  - &quot;HighlightTitle2&quot; css property &quot;font-size&quot; is &quot;22px&quot; but should be &quot;21px&quot; (/specs/usbpubliclanding.spec:455)
  - &quot;HighlightTitle2&quot; css property &quot;line-height&quot; is &quot;27px&quot; but should be &quot;26px&quot; (/specs/usbpubliclanding.spec:456)
  - &quot;HighlightTitle2&quot; is 503px left which is not in range of 48 to 52px (/specs/usbpubliclanding.spec:457)
  - &quot;HighlightTitle2&quot; is 53px below &quot;Highlight2&quot; which is not in range of 16 to 23px (/specs/usbpubliclanding.spec:458)
  - &quot;HighlightTitle2&quot; is 51px right of &quot;HighlightTitle1&quot; which is not in range of 23 to 27px (/specs/usbpubliclanding.spec:459)
  - &quot;HighlightTitle3&quot; width is 417px which is not in range of 273 to 279px (/specs/usbpubliclanding.spec:462)
  - &quot;HighlightTitle3&quot; css property &quot;line-height&quot; is &quot;27px&quot; but should be &quot;26px&quot; (/specs/usbpubliclanding.spec:465)
  - &quot;HighlightTitle3&quot; is 35px left which is not in range of 113 to 117px (/specs/usbpubliclanding.spec:466)
  - &quot;HighlightTitle3&quot; is 11px below &quot;Highlight3&quot; which is not in range of 36 to 40px (/specs/usbpubliclanding.spec:467)
  - &quot;HighlightTitle4&quot; width is 417px which is not in range of 273 to 279px (/specs/usbpubliclanding.spec:470)
  - &quot;HighlightTitle4&quot; css property &quot;line-height&quot; is &quot;27px&quot; but should be &quot;26px&quot; (/specs/usbpubliclanding.spec:473)
  - &quot;HighlightTitle4&quot; is 503px left which is not in range of 404 to 408px (/specs/usbpubliclanding.spec:474)
  - &quot;HighlightTitle4&quot; is 53px below &quot;Highlight4&quot; which is not in range of 37 to 41px (/specs/usbpubliclanding.spec:475)
  - &quot;HighlightTitle4&quot; is 51px right of &quot;HighlightTitle3&quot; which is not in range of 33 to 37px (/specs/usbpubliclanding.spec:476)
  - &quot;HighligtSumary1&quot; width is 417px which is not in range of 253 to 259px (/specs/usbpubliclanding.spec:480)
  - &quot;HighligtSumary1&quot; height is 18px which is not in range of 51 to 57px (/specs/usbpubliclanding.spec:481)
  - &quot;HighligtSumary1&quot; is 35px left which is not in range of 113 to 117px (/specs/usbpubliclanding.spec:484)
  - &quot;HighligtSumary1&quot; is 14px below &quot;HighlightTitle1&quot; which is not in range of 5 to 12px (/specs/usbpubliclanding.spec:485)
  - &quot;HighligtSumary2&quot; width is 417px which is not in range of 253 to 259px (/specs/usbpubliclanding.spec:489)
  - &quot;HighligtSumary2&quot; is 503px left which is not in range of 394 to 398px (/specs/usbpubliclanding.spec:493)
  - &quot;HighligtSumary2&quot; is 14px below &quot;HighlightTitle2&quot; which is not in range of 5 to 12px (/specs/usbpubliclanding.spec:494)
  - &quot;HighligtSumary2&quot; is 51px right of &quot;HighligtSumary1&quot; which is not in range of 23 to 27px (/specs/usbpubliclanding.spec:495)
  - &quot;HighligtSumary3&quot; width is 417px which is not in range of 253 to 259px (/specs/usbpubliclanding.spec:499)
  - &quot;HighligtSumary3&quot; height is 36px which is not in range of 51 to 57px (/specs/usbpubliclanding.spec:500)
  - &quot;HighligtSumary3&quot; is 35px left which is not in range of 113 to 117px (/specs/usbpubliclanding.spec:503)
  - &quot;HighligtSumary4&quot; width is 417px which is not in range of 253 to 259px (/specs/usbpubliclanding.spec:508)
  - &quot;HighligtSumary4&quot; height is 36px which is not in range of 51 to 57px (/specs/usbpubliclanding.spec:509)
  - &quot;HighligtSumary4&quot; is 503px left which is not in range of 51 to 55px (/specs/usbpubliclanding.spec:512)
  - &quot;HighligtSumary4&quot; is 14px below &quot;HighlightTitle3&quot; which is not in range of 9 to 13px (/specs/usbpubliclanding.spec:513)
  - &quot;HighligtSumary4&quot; is 51px right of &quot;HighligtSumary3&quot; which is not in range of 24 to 28px (/specs/usbpubliclanding.spec:514)
  - &quot;ToolsDoc&quot; width is 939px which is not in range of 381 to 387px (/specs/usbpubliclanding.spec:618)
  - &quot;ToolsDoc&quot; is 11px left which is not in range of 191 to 195px (/specs/usbpubliclanding.spec:622)
  - &quot;ToolSumry&quot; width is 657px which is not in range of 381 to 387px (/specs/usbpubliclanding.spec:626)
  - &quot;ToolSumry&quot; height is 54px which is not in range of 68 to 75px (/specs/usbpubliclanding.spec:627)
  - &quot;ToolSumry&quot; is 152px left which is not in range of 191 to 195px (/specs/usbpubliclanding.spec:630)
  - &quot;ToolSumry&quot; is 29px below &quot;ToolsDoc&quot; which is not in range of 21 to 25px (/specs/usbpubliclanding.spec:631)
  - &quot;Tooltext&quot; width is 751px which is not in range of 567 to 574px (/specs/usbpubliclanding.spec:634)
  - &quot;Tooltext&quot; css property &quot;line-height&quot; is &quot;15px&quot; but should be &quot;14px&quot; (/specs/usbpubliclanding.spec:637)
  - &quot;Tooltext&quot; is 105px left which is not in range of 98 to 102px (/specs/usbpubliclanding.spec:638)
  - &quot;CodeSnippet&quot; width is 650px which is not in range of 584 to 592px (/specs/usbpubliclanding.spec:642)
  - &quot;CodeSnippet&quot; height is 300px which is not in range of 312 to 319px (/specs/usbpubliclanding.spec:643)
  - &quot;CodeSnippet&quot; is 156px left which is not in range of 88 to 92px (/specs/usbpubliclanding.spec:644)
  - &quot;CTA1&quot; is 308px left which is not in range of 209 to 213px (/specs/usbpubliclanding.spec:651)
  - &quot;CTA1&quot; css property &quot;line-height&quot; is &quot;18px&quot; but should be &quot;16px&quot; (/specs/usbpubliclanding.spec:653)
  - &quot;CTA1&quot; is 18px below &quot;CodeSnippet&quot; which is not in range of 28 to 32px (/specs/usbpubliclanding.spec:654)
  - &quot;CTA2&quot; is 493px left which is not in range of 395 to 399px (/specs/usbpubliclanding.spec:659)
  - &quot;CTA2&quot; css property &quot;line-height&quot; is &quot;18px&quot; but should be &quot;16px&quot; (/specs/usbpubliclanding.spec:661)
  - Cannot find locator for &quot;Codesni&quot; in page spec (/specs/usbpubliclanding.spec:663)
  - &quot;help-component&quot; height is 218px which is not in range of 238 to 242px (/specs/usbpubliclanding.spec:707)
  - &quot;help-first-leaf&quot; is 399px left instead of 0px (/specs/usbpubliclanding.spec:710)
  - &quot;help-first-leaf&quot; height is 46px which is not in range of 29 to 33px (/specs/usbpubliclanding.spec:711)
  - &quot;help-last-leaf&quot; is 398px left instead of 270px (/specs/usbpubliclanding.spec:716)
  - &quot;help-last-leaf&quot; is 23px below &quot;help-first-leaf&quot; instead of 30px (/specs/usbpubliclanding.spec:717)
  - &quot;help-last-leaf&quot; height is 40px which is not in range of 48 to 52px (/specs/usbpubliclanding.spec:718)
  - &quot;help-last-leaf&quot; css property &quot;line-height&quot; is &quot;18px&quot; but should be &quot;16px&quot; (/specs/usbpubliclanding.spec:720)
  - Cannot find locator for &quot;footer-container&quot; in page spec (/specs/usbpubliclanding.spec:734)
  - Cannot find locator for &quot;footer-container&quot; in page spec (/specs/usbpubliclanding.spec:735)
  - Cannot find locator for &quot;footer-container&quot; in page spec (/specs/usbpubliclanding.spec:736)
  - &quot;footer-copy-right&quot; is not visible on page (/specs/usbpubliclanding.spec:739)
  - Cannot find locator for &quot;footer-container&quot; in page spec (/specs/usbpubliclanding.spec:774)
  - &quot;footer-copy-right&quot; is not visible on page (/specs/usbpubliclanding.spec:775)
  - &quot;footer-rtmenu-items-1&quot; is 0px right which is not in range of 230 to 232px (/specs/usbpubliclanding.spec:779)
  - &quot;footer-rtmenu-items-1&quot; height is 34px which is not in range of 18 to 22px (/specs/usbpubliclanding.spec:780)
  - color #ffffff on &quot;footer-rtmenu-items-1&quot; is 0% instead of 5% (/specs/usbpubliclanding.spec:781)
  - &quot;footer-rtmenu-items-1&quot; height is 34px which is not in range of 18 to 22px (/specs/usbpubliclanding.spec:785)
  - &quot;footer-rtmenu-items-2&quot; height is 34px which is not in range of 18 to 22px (/specs/usbpubliclanding.spec:785)
  - &quot;footer-rtmenu-items-2&quot; is -939px right of &quot;footer-rtmenu-items-1&quot; which is not in range of 26 to 28px (/specs/usbpubliclanding.spec:789)
  - &quot;footer-rtmenu-items-3&quot; height is 34px which is not in range of 18 to 22px (/specs/usbpubliclanding.spec:785)
  - &quot;footer-rtmenu-items-3&quot; is -939px right of &quot;footer-rtmenu-items-2&quot; which is not in range of 26 to 28px (/specs/usbpubliclanding.spec:789)
  - &quot;footer-rtmenu-items-4&quot; height is 34px which is not in range of 18 to 22px (/specs/usbpubliclanding.spec:785)
  - &quot;footer-rtmenu-items-4&quot; is -939px right of &quot;footer-rtmenu-items-3&quot; which is not in range of 26 to 28px (/specs/usbpubliclanding.spec:789)
  - &quot;footer-rtmenu-items-5&quot; height is 34px which is not in range of 18 to 22px (/specs/usbpubliclanding.spec:785)
  - &quot;footer-rtmenu-items-5&quot; is -939px right of &quot;footer-rtmenu-items-4&quot; which is not in range of 26 to 28px (/specs/usbpubliclanding.spec:789)
  - &quot;footer-rtmenu-items-6&quot; height is 34px which is not in range of 18 to 22px (/specs/usbpubliclanding.spec:785)
  - &quot;footer-rtmenu-items-6&quot; is -939px right of &quot;footer-rtmenu-items-5&quot; which is not in range of 26 to 28px (/specs/usbpubliclanding.spec:789)
">
      <![CDATA[com.galenframework.support.LayoutValidationException: /specs/usbpubliclanding.spec, tags: [tablet]
  - color #e03e4b on "header-container" is 5% but it should be greater than 90% (/specs/usbpubliclanding.spec:63)
  - "left-menu-head" is 103px left instead of 0px (/specs/usbpubliclanding.spec:66)
  - "logo-img" is absent on page (/specs/usbpubliclanding.spec:69)
  - "logo-img" is absent on page (/specs/usbpubliclanding.spec:70)
  - "for-developers" is 128px left instead of 229px (/specs/usbpubliclanding.spec:73)
  - "logo-img" is absent on page (/specs/usbpubliclanding.spec:74)
  - "for-developers" height is 25px which is not in range of 19 to 23px (/specs/usbpubliclanding.spec:75)
  - "right-menu-head" is not visible on page (/specs/usbpubliclanding.spec:112)
  - "right-menu-head" is not visible on page (/specs/usbpubliclanding.spec:113)
  - "right-menuhead-items-1" is not visible on page (/specs/usbpubliclanding.spec:117)
  - "right-menuhead-items-1" is not visible on page (/specs/usbpubliclanding.spec:118)
  - "right-menuhead-items-1" is not visible on page (/specs/usbpubliclanding.spec:121)
  - "right-menuhead-items-1" is not visible on page (/specs/usbpubliclanding.spec:122)
  - "right-menuhead-items-2" is not visible on page (/specs/usbpubliclanding.spec:121)
  - "right-menuhead-items-2" is not visible on page (/specs/usbpubliclanding.spec:122)
  - "right-menuhead-items-2" is not visible on page (/specs/usbpubliclanding.spec:126)
  - "right-menuhead-items-2" is not visible on page (/specs/usbpubliclanding.spec:127)
  - "right-menuhead-items-3" is not visible on page (/specs/usbpubliclanding.spec:121)
  - "right-menuhead-items-3" is not visible on page (/specs/usbpubliclanding.spec:122)
  - "right-menuhead-items-3" is not visible on page (/specs/usbpubliclanding.spec:126)
  - "right-menuhead-items-3" is not visible on page (/specs/usbpubliclanding.spec:127)
  - "right-menuhead-items-4" is not visible on page (/specs/usbpubliclanding.spec:121)
  - "right-menuhead-items-4" is not visible on page (/specs/usbpubliclanding.spec:122)
  - "right-menuhead-items-4" is not visible on page (/specs/usbpubliclanding.spec:126)
  - "right-menuhead-items-4" is not visible on page (/specs/usbpubliclanding.spec:127)
  - "right-menuhead-items-5" is not visible on page (/specs/usbpubliclanding.spec:121)
  - "right-menuhead-items-5" is not visible on page (/specs/usbpubliclanding.spec:122)
  - "right-menuhead-items-5" is not visible on page (/specs/usbpubliclanding.spec:126)
  - "right-menuhead-items-5" is not visible on page (/specs/usbpubliclanding.spec:127)
  - "hero-banner" is 58px top instead of 0px (/specs/usbpubliclanding.spec:176)
  - color #e03e4b on "hero-banner" is 58% but it should be greater than 90% (/specs/usbpubliclanding.spec:177)
  - "hero-head" is 11px left instead of 52px (/specs/usbpubliclanding.spec:180)
  - "hero-head" height is 27px which is not in range of 36 to 40px (/specs/usbpubliclanding.spec:181)
  - "hero-head" css property "line-height" is "27px" but should be "38px" (/specs/usbpubliclanding.spec:183)
  - "hero-para" is 11px left instead of 52px (/specs/usbpubliclanding.spec:186)
  - "hero-para" height is 27px which is not in range of 36 to 40px (/specs/usbpubliclanding.spec:188)
  - "hero-para" css property "line-height" is "27px" but should be "38px" (/specs/usbpubliclanding.spec:190)
  - "hero-cta1" is 11px left instead of 52px, is 135px top instead of 432px (/specs/usbpubliclanding.spec:193)
  - "hero-cta1" is 32px below "hero-para" instead of 71px (/specs/usbpubliclanding.spec:194)
  - "hero-cta1" height is 96px which is not in range of 38 to 42px (/specs/usbpubliclanding.spec:195)
  - "hero-cta1" css property "line-height" is "20px" but should be "16px" (/specs/usbpubliclanding.spec:197)
  - "Highlight2" height is 65px which is not in range of 98 to 104px (/specs/usbpubliclanding.spec:425)
  - "Highlight2" is 679px left which is not in range of 492 to 496px (/specs/usbpubliclanding.spec:426)
  - "Highlight2" is 403px right of "Highlight1" which is not in range of 215 to 219px (/specs/usbpubliclanding.spec:427)
  - "Highlight3" width is 65px which is not in range of 80 to 86px (/specs/usbpubliclanding.spec:431)
  - "Highlight3" height is 107px which is not in range of 80 to 86px (/specs/usbpubliclanding.spec:432)
  - "Highlight3" is 211px left which is not in range of 200 to 204px (/specs/usbpubliclanding.spec:433)
  - "Highlight3" is 157px below "Highlight1" which is not in range of 170 to 174px (/specs/usbpubliclanding.spec:434)
  - "Highlight4" width is 65px which is not in range of 76 to 83px (/specs/usbpubliclanding.spec:438)
  - "Highlight4" height is 65px which is not in range of 76 to 83px (/specs/usbpubliclanding.spec:439)
  - "Highlight4" is 679px left which is not in range of 483 to 487px (/specs/usbpubliclanding.spec:440)
  - "Highlight4" is -65px below "Highlight4" which is not in range of 158 to 162px (/specs/usbpubliclanding.spec:441)
  - "HighlightTitle1" width is 417px which is not in range of 252 to 260px (/specs/usbpubliclanding.spec:444)
  - "HighlightTitle1" css property "font-size" is "22px" but should be "21px" (/specs/usbpubliclanding.spec:446)
  - "HighlightTitle1" css property "line-height" is "27px" but should be "26px" (/specs/usbpubliclanding.spec:447)
  - "HighlightTitle1" is 35px left which is not in range of 113 to 117px (/specs/usbpubliclanding.spec:448)
  - "HighlightTitle2" width is 417px which is not in range of 252 to 260px (/specs/usbpubliclanding.spec:453)
  - "HighlightTitle2" css property "font-size" is "22px" but should be "21px" (/specs/usbpubliclanding.spec:455)
  - "HighlightTitle2" css property "line-height" is "27px" but should be "26px" (/specs/usbpubliclanding.spec:456)
  - "HighlightTitle2" is 503px left which is not in range of 48 to 52px (/specs/usbpubliclanding.spec:457)
  - "HighlightTitle2" is 53px below "Highlight2" which is not in range of 16 to 23px (/specs/usbpubliclanding.spec:458)
  - "HighlightTitle2" is 51px right of "HighlightTitle1" which is not in range of 23 to 27px (/specs/usbpubliclanding.spec:459)
  - "HighlightTitle3" width is 417px which is not in range of 273 to 279px (/specs/usbpubliclanding.spec:462)
  - "HighlightTitle3" css property "line-height" is "27px" but should be "26px" (/specs/usbpubliclanding.spec:465)
  - "HighlightTitle3" is 35px left which is not in range of 113 to 117px (/specs/usbpubliclanding.spec:466)
  - "HighlightTitle3" is 11px below "Highlight3" which is not in range of 36 to 40px (/specs/usbpubliclanding.spec:467)
  - "HighlightTitle4" width is 417px which is not in range of 273 to 279px (/specs/usbpubliclanding.spec:470)
  - "HighlightTitle4" css property "line-height" is "27px" but should be "26px" (/specs/usbpubliclanding.spec:473)
  - "HighlightTitle4" is 503px left which is not in range of 404 to 408px (/specs/usbpubliclanding.spec:474)
  - "HighlightTitle4" is 53px below "Highlight4" which is not in range of 37 to 41px (/specs/usbpubliclanding.spec:475)
  - "HighlightTitle4" is 51px right of "HighlightTitle3" which is not in range of 33 to 37px (/specs/usbpubliclanding.spec:476)
  - "HighligtSumary1" width is 417px which is not in range of 253 to 259px (/specs/usbpubliclanding.spec:480)
  - "HighligtSumary1" height is 18px which is not in range of 51 to 57px (/specs/usbpubliclanding.spec:481)
  - "HighligtSumary1" is 35px left which is not in range of 113 to 117px (/specs/usbpubliclanding.spec:484)
  - "HighligtSumary1" is 14px below "HighlightTitle1" which is not in range of 5 to 12px (/specs/usbpubliclanding.spec:485)
  - "HighligtSumary2" width is 417px which is not in range of 253 to 259px (/specs/usbpubliclanding.spec:489)
  - "HighligtSumary2" is 503px left which is not in range of 394 to 398px (/specs/usbpubliclanding.spec:493)
  - "HighligtSumary2" is 14px below "HighlightTitle2" which is not in range of 5 to 12px (/specs/usbpubliclanding.spec:494)
  - "HighligtSumary2" is 51px right of "HighligtSumary1" which is not in range of 23 to 27px (/specs/usbpubliclanding.spec:495)
  - "HighligtSumary3" width is 417px which is not in range of 253 to 259px (/specs/usbpubliclanding.spec:499)
  - "HighligtSumary3" height is 36px which is not in range of 51 to 57px (/specs/usbpubliclanding.spec:500)
  - "HighligtSumary3" is 35px left which is not in range of 113 to 117px (/specs/usbpubliclanding.spec:503)
  - "HighligtSumary4" width is 417px which is not in range of 253 to 259px (/specs/usbpubliclanding.spec:508)
  - "HighligtSumary4" height is 36px which is not in range of 51 to 57px (/specs/usbpubliclanding.spec:509)
  - "HighligtSumary4" is 503px left which is not in range of 51 to 55px (/specs/usbpubliclanding.spec:512)
  - "HighligtSumary4" is 14px below "HighlightTitle3" which is not in range of 9 to 13px (/specs/usbpubliclanding.spec:513)
  - "HighligtSumary4" is 51px right of "HighligtSumary3" which is not in range of 24 to 28px (/specs/usbpubliclanding.spec:514)
  - "ToolsDoc" width is 939px which is not in range of 381 to 387px (/specs/usbpubliclanding.spec:618)
  - "ToolsDoc" is 11px left which is not in range of 191 to 195px (/specs/usbpubliclanding.spec:622)
  - "ToolSumry" width is 657px which is not in range of 381 to 387px (/specs/usbpubliclanding.spec:626)
  - "ToolSumry" height is 54px which is not in range of 68 to 75px (/specs/usbpubliclanding.spec:627)
  - "ToolSumry" is 152px left which is not in range of 191 to 195px (/specs/usbpubliclanding.spec:630)
  - "ToolSumry" is 29px below "ToolsDoc" which is not in range of 21 to 25px (/specs/usbpubliclanding.spec:631)
  - "Tooltext" width is 751px which is not in range of 567 to 574px (/specs/usbpubliclanding.spec:634)
  - "Tooltext" css property "line-height" is "15px" but should be "14px" (/specs/usbpubliclanding.spec:637)
  - "Tooltext" is 105px left which is not in range of 98 to 102px (/specs/usbpubliclanding.spec:638)
  - "CodeSnippet" width is 650px which is not in range of 584 to 592px (/specs/usbpubliclanding.spec:642)
  - "CodeSnippet" height is 300px which is not in range of 312 to 319px (/specs/usbpubliclanding.spec:643)
  - "CodeSnippet" is 156px left which is not in range of 88 to 92px (/specs/usbpubliclanding.spec:644)
  - "CTA1" is 308px left which is not in range of 209 to 213px (/specs/usbpubliclanding.spec:651)
  - "CTA1" css property "line-height" is "18px" but should be "16px" (/specs/usbpubliclanding.spec:653)
  - "CTA1" is 18px below "CodeSnippet" which is not in range of 28 to 32px (/specs/usbpubliclanding.spec:654)
  - "CTA2" is 493px left which is not in range of 395 to 399px (/specs/usbpubliclanding.spec:659)
  - "CTA2" css property "line-height" is "18px" but should be "16px" (/specs/usbpubliclanding.spec:661)
  - Cannot find locator for "Codesni" in page spec (/specs/usbpubliclanding.spec:663)
  - "help-component" height is 218px which is not in range of 238 to 242px (/specs/usbpubliclanding.spec:707)
  - "help-first-leaf" is 399px left instead of 0px (/specs/usbpubliclanding.spec:710)
  - "help-first-leaf" height is 46px which is not in range of 29 to 33px (/specs/usbpubliclanding.spec:711)
  - "help-last-leaf" is 398px left instead of 270px (/specs/usbpubliclanding.spec:716)
  - "help-last-leaf" is 23px below "help-first-leaf" instead of 30px (/specs/usbpubliclanding.spec:717)
  - "help-last-leaf" height is 40px which is not in range of 48 to 52px (/specs/usbpubliclanding.spec:718)
  - "help-last-leaf" css property "line-height" is "18px" but should be "16px" (/specs/usbpubliclanding.spec:720)
  - Cannot find locator for "footer-container" in page spec (/specs/usbpubliclanding.spec:734)
  - Cannot find locator for "footer-container" in page spec (/specs/usbpubliclanding.spec:735)
  - Cannot find locator for "footer-container" in page spec (/specs/usbpubliclanding.spec:736)
  - "footer-copy-right" is not visible on page (/specs/usbpubliclanding.spec:739)
  - Cannot find locator for "footer-container" in page spec (/specs/usbpubliclanding.spec:774)
  - "footer-copy-right" is not visible on page (/specs/usbpubliclanding.spec:775)
  - "footer-rtmenu-items-1" is 0px right which is not in range of 230 to 232px (/specs/usbpubliclanding.spec:779)
  - "footer-rtmenu-items-1" height is 34px which is not in range of 18 to 22px (/specs/usbpubliclanding.spec:780)
  - color #ffffff on "footer-rtmenu-items-1" is 0% instead of 5% (/specs/usbpubliclanding.spec:781)
  - "footer-rtmenu-items-1" height is 34px which is not in range of 18 to 22px (/specs/usbpubliclanding.spec:785)
  - "footer-rtmenu-items-2" height is 34px which is not in range of 18 to 22px (/specs/usbpubliclanding.spec:785)
  - "footer-rtmenu-items-2" is -939px right of "footer-rtmenu-items-1" which is not in range of 26 to 28px (/specs/usbpubliclanding.spec:789)
  - "footer-rtmenu-items-3" height is 34px which is not in range of 18 to 22px (/specs/usbpubliclanding.spec:785)
  - "footer-rtmenu-items-3" is -939px right of "footer-rtmenu-items-2" which is not in range of 26 to 28px (/specs/usbpubliclanding.spec:789)
  - "footer-rtmenu-items-4" height is 34px which is not in range of 18 to 22px (/specs/usbpubliclanding.spec:785)
  - "footer-rtmenu-items-4" is -939px right of "footer-rtmenu-items-3" which is not in range of 26 to 28px (/specs/usbpubliclanding.spec:789)
  - "footer-rtmenu-items-5" height is 34px which is not in range of 18 to 22px (/specs/usbpubliclanding.spec:785)
  - "footer-rtmenu-items-5" is -939px right of "footer-rtmenu-items-4" which is not in range of 26 to 28px (/specs/usbpubliclanding.spec:789)
  - "footer-rtmenu-items-6" height is 34px which is not in range of 18 to 22px (/specs/usbpubliclanding.spec:785)
  - "footer-rtmenu-items-6" is -939px right of "footer-rtmenu-items-5" which is not in range of 26 to 28px (/specs/usbpubliclanding.spec:789)

	at com.galenframework.support.GalenJavaTestBase.checkLayout(GalenJavaTestBase.java:129)
	at com.galenframework.support.GalenJavaTestBase.checkLayout(GalenJavaTestBase.java:111)
	at com.galenframework.java.USB.tests.SecureLandingPage_creative_Verification.usbPublicLandingPage(SecureLandingPage_creative_Verification.java:34)
	at sun.reflect.NativeMethodAccessorImpl.invoke0(Native Method)
	at sun.reflect.NativeMethodAccessorImpl.invoke(NativeMethodAccessorImpl.java:62)
	at sun.reflect.DelegatingMethodAccessorImpl.invoke(DelegatingMethodAccessorImpl.java:43)
	at java.lang.reflect.Method.invoke(Method.java:498)
	at org.testng.internal.MethodInvocationHelper.invokeMethod(MethodInvocationHelper.java:80)
	at org.testng.internal.Invoker.invokeMethod(Invoker.java:715)
	at org.testng.internal.Invoker.invokeTestMethod(Invoker.java:907)
	at org.testng.internal.Invoker.invokeTestMethods(Invoker.java:1237)
	at org.testng.internal.TestMethodWorker.invokeTestMethods(TestMethodWorker.java:127)
	at org.testng.internal.TestMethodWorker.run(TestMethodWorker.java:111)
	at org.testng.TestRunner.privateRun(TestRunner.java:767)
	at org.testng.TestRunner.run(TestRunner.java:617)
	at org.testng.SuiteRunner.runTest(SuiteRunner.java:334)
	at org.testng.SuiteRunner.runSequentially(SuiteRunner.java:329)
	at org.testng.SuiteRunner.privateRun(SuiteRunner.java:291)
	at org.testng.SuiteRunner.run(SuiteRunner.java:240)
	at org.testng.SuiteRunnerWorker.runSuite(SuiteRunnerWorker.java:51)
	at org.testng.SuiteRunnerWorker.run(SuiteRunnerWorker.java:85)
	at org.testng.TestNG.runSuitesSequentially(TestNG.java:1197)
	at org.testng.TestNG.runSuitesLocally(TestNG.java:1122)
	at org.testng.TestNG.run(TestNG.java:1030)
	at org.testng.remote.AbstractRemoteTestNG.run(AbstractRemoteTestNG.java:132)
	at org.testng.remote.RemoteTestNG.initAndRun(RemoteTestNG.java:230)
	at org.testng.remote.RemoteTestNG.main(RemoteTestNG.java:76)
]]>
    </failure>
  </testcase> <!-- usbPublicLandingPage -->
  <testcase name="superPublicLandingPage" time="340.340" classname="com.galenframework.java.USB.tests.SecureLandingPage_creative_Verification">
    <failure type="com.galenframework.support.LayoutValidationException" message="/specs/superpubliclanding.spec, tags: [Desktop]
  - &quot;header-container&quot; height is 96px which is not in range of 188 to 192px (/specs/superpubliclanding.spec:48)
  - color #e03e4b on &quot;header-container&quot; is 0% but it should be greater than 90% (/specs/superpubliclanding.spec:49)
  - &quot;left-menu-head&quot; is absent on page (/specs/superpubliclanding.spec:52)
  - &quot;left-menu-head&quot; is absent on page (/specs/superpubliclanding.spec:55)
  - &quot;logo-img&quot; height is 38px which is not in range of 29 to 33px (/specs/superpubliclanding.spec:56)
  - &quot;left-menu-head&quot; is absent on page (/specs/superpubliclanding.spec:59)
  - &quot;for-developers&quot; is 18px right of &quot;logo-img&quot; which is not in range of 23 to 25px (/specs/superpubliclanding.spec:60)
  - &quot;for-developers&quot; height is 25px which is not in range of 19 to 23px (/specs/superpubliclanding.spec:61)
  - &quot;right-menu-head&quot; is absent on page (/specs/superpubliclanding.spec:97)
  - &quot;right-menu-head&quot; is absent on page (/specs/superpubliclanding.spec:98)
  - Cannot find locator for &quot;right-menuhead-items-1&quot; in page spec (/specs/superpubliclanding.spec:102)
  - Cannot find locator for &quot;right-menuhead-items-1&quot; in page spec (/specs/superpubliclanding.spec:103)
  - &quot;hero-banner&quot; is -4px top instead of 0px (/specs/superpubliclanding.spec:155)
  - Couldn&#039;t fetch spectrum for &quot;hero-banner&quot; (/specs/superpubliclanding.spec:156)
  - &quot;hero-head&quot; is absent on page (/specs/superpubliclanding.spec:159)
  - &quot;hero-head&quot; is absent on page (/specs/superpubliclanding.spec:160)
  - &quot;hero-head&quot; is absent on page (/specs/superpubliclanding.spec:161)
  - &quot;hero-head&quot; is absent on page (/specs/superpubliclanding.spec:162)
  - &quot;hero-para&quot; is absent on page (/specs/superpubliclanding.spec:165)
  - &quot;hero-para&quot; is absent on page (/specs/superpubliclanding.spec:166)
  - &quot;hero-para&quot; is absent on page (/specs/superpubliclanding.spec:167)
  - &quot;hero-para&quot; is absent on page (/specs/superpubliclanding.spec:168)
  - &quot;hero-para&quot; is absent on page (/specs/superpubliclanding.spec:169)
  - &quot;hero-cta1&quot; is 863px left instead of 75px, is 374px top instead of 432px (/specs/superpubliclanding.spec:172)
  - &quot;hero-para&quot; is absent on page (/specs/superpubliclanding.spec:173)
  - &quot;hero-cta1&quot; height is 120px which is not in range of 48 to 52px (/specs/superpubliclanding.spec:174)
  - &quot;hero-cta1&quot; css property &quot;font-size&quot; is &quot;14px&quot; but should be &quot;16px&quot; (/specs/superpubliclanding.spec:175)
  - &quot;hero-cta1&quot; css property &quot;line-height&quot; is &quot;20px&quot; but should be &quot;18px&quot; (/specs/superpubliclanding.spec:176)
  - &quot;Highlight1&quot; height is 108px which is not in range of 81 to 87px (/specs/superpubliclanding.spec:233)
  - &quot;Highlight1&quot; is 221px left which is not in range of 134 to 138px (/specs/superpubliclanding.spec:234)
  - &quot;Highlight2&quot; height is 65px which is not in range of 98 to 104px (/specs/superpubliclanding.spec:238)
  - &quot;Highlight2&quot; is 552px left which is not in range of 390 to 394px (/specs/superpubliclanding.spec:239)
  - &quot;Highlight2&quot; is 266px right of &quot;Highlight1&quot; which is not in range of 189 to 193px (/specs/superpubliclanding.spec:240)
  - &quot;Highlight3&quot; width is 65px which is not in range of 80 to 86px (/specs/superpubliclanding.spec:244)
  - &quot;Highlight3&quot; height is 65px which is not in range of 80 to 86px (/specs/superpubliclanding.spec:245)
  - &quot;Highlight3&quot; is 883px left which is not in range of 634 to 638px (/specs/superpubliclanding.spec:246)
  - &quot;Highlight3&quot; is 266px right of &quot;Highlight2&quot; which is not in range of 180 to 184px (/specs/superpubliclanding.spec:247)
  - &quot;Highlight4&quot; width is 65px which is not in range of 76 to 83px (/specs/superpubliclanding.spec:251)
  - &quot;Highlight4&quot; height is 84px which is not in range of 76 to 83px (/specs/superpubliclanding.spec:252)
  - &quot;Highlight4&quot; is 387px left which is not in range of 893 to 897px (/specs/superpubliclanding.spec:253)
  - &quot;Highlight4&quot; is -561px right of &quot;Highlight3&quot; which is not in range of 175 to 179px (/specs/superpubliclanding.spec:254)
  - &quot;HighlightTitle1&quot; width is 279px which is not in range of 226 to 232px (/specs/superpubliclanding.spec:257)
  - &quot;HighlightTitle1&quot; css property &quot;line-height&quot; is &quot;27px&quot; but should be &quot;26px&quot; (/specs/superpubliclanding.spec:260)
  - &quot;HighlightTitle1&quot; is 114px left which is not in range of 53 to 57px (/specs/superpubliclanding.spec:261)
  - &quot;HighlightTitle1&quot; is 10px below &quot;Highlight1&quot; which is not in range of 34 to 38px (/specs/superpubliclanding.spec:262)
  - &quot;HighlightTitle2&quot; width is 279px which is not in range of 226 to 232px (/specs/superpubliclanding.spec:266)
  - &quot;HighlightTitle2&quot; css property &quot;line-height&quot; is &quot;27px&quot; but should be &quot;26px&quot; (/specs/superpubliclanding.spec:269)
  - &quot;HighlightTitle2&quot; is 445px left which is not in range of 305 to 311px (/specs/superpubliclanding.spec:270)
  - &quot;HighlightTitle2&quot; is 53px below &quot;Highlight2&quot; which is not in range of 19 to 23px (/specs/superpubliclanding.spec:271)
  - &quot;HighlightTitle2&quot; is 52px right of &quot;HighlightTitle1&quot; which is not in range of 21.97 to 25.97px (/specs/superpubliclanding.spec:272)
  - &quot;HighlightTitle3&quot; width is 279px which is not in range of 226 to 232px (/specs/superpubliclanding.spec:274)
  - &quot;HighlightTitle3&quot; css property &quot;line-height&quot; is &quot;27px&quot; but should be &quot;26px&quot; (/specs/superpubliclanding.spec:277)
  - &quot;HighlightTitle3&quot; is 776px left which is not in range of 560 to 564px (/specs/superpubliclanding.spec:278)
  - &quot;HighlightTitle3&quot; is 53px below &quot;Highlight3&quot; instead of 37px (/specs/superpubliclanding.spec:279)
  - &quot;HighlightTitle3&quot; is 52px right of &quot;HighlightTitle2&quot; which is not in range of 23 to 27px (/specs/superpubliclanding.spec:280)
  - &quot;HighlightTitle4&quot; width is 279px which is not in range of 226 to 232px (/specs/superpubliclanding.spec:282)
  - &quot;HighlightTitle4&quot; css property &quot;line-height&quot; is &quot;27px&quot; but should be &quot;26px&quot; (/specs/superpubliclanding.spec:285)
  - &quot;HighlightTitle4&quot; is 279px left which is not in range of 893 to 897px (/specs/superpubliclanding.spec:286)
  - &quot;HighlightTitle4&quot; is 34px below &quot;Highlight4&quot; which is not in range of 36 to 40px (/specs/superpubliclanding.spec:287)
  - &quot;HighlightTitle4&quot; is -776px right of &quot;HighlightTitle3&quot; which is not in range of 22 to 26px (/specs/superpubliclanding.spec:288)
  - &quot;HighligtSumary1&quot; width is 279px which is not in range of 226 to 232px (/specs/superpubliclanding.spec:291)
  - &quot;HighligtSumary1&quot; height is 36px which is not in range of 51 to 57px (/specs/superpubliclanding.spec:292)
  - &quot;HighligtSumary1&quot; is 114px left which is not in range of 53 to 57px (/specs/superpubliclanding.spec:295)
  - &quot;HighligtSumary2&quot; width is 279px which is not in range of 229 to 233px (/specs/superpubliclanding.spec:300)
  - &quot;HighligtSumary2&quot; is 445px left which is not in range of 304 to 308px (/specs/superpubliclanding.spec:304)
  - &quot;HighligtSumary2&quot; is 52px right of &quot;HighligtSumary1&quot; which is not in range of 20 to 24px (/specs/superpubliclanding.spec:306)
  - &quot;HighligtSumary3&quot; width is 279px which is not in range of 226 to 232px (/specs/superpubliclanding.spec:309)
  - &quot;HighligtSumary3&quot; height is 36px which is not in range of 51 to 57px (/specs/superpubliclanding.spec:310)
  - &quot;HighligtSumary3&quot; is 776px left which is not in range of 561 to 565px (/specs/superpubliclanding.spec:313)
  - &quot;HighligtSumary3&quot; is 52px right of &quot;HighligtSumary2&quot; which is not in range of 23 to 27px (/specs/superpubliclanding.spec:315)
  - &quot;HighligtSumary4&quot; width is 279px which is not in range of 226 to 232px (/specs/superpubliclanding.spec:318)
  - &quot;HighligtSumary4&quot; height is 36px which is not in range of 51 to 57px (/specs/superpubliclanding.spec:319)
  - &quot;HighligtSumary4&quot; is 279px left which is not in range of 814 to 818px (/specs/superpubliclanding.spec:322)
  - &quot;HighligtSumary4&quot; is 260px below &quot;HighlightTitle3&quot; which is not in range of 14 to 19px (/specs/superpubliclanding.spec:323)
  - &quot;HighligtSumary4&quot; is -776px right of &quot;HighligtSumary3&quot; which is not in range of 22 to 26px (/specs/superpubliclanding.spec:324)
  - &quot;ToolsDoc&quot; width is 992px which is not in range of 480 to 486px (/specs/superpubliclanding.spec:524)
  - &quot;ToolsDoc&quot; css property &quot;line-height&quot; is &quot;31px&quot; but should be &quot;29px&quot; (/specs/superpubliclanding.spec:527)
  - &quot;ToolsDoc&quot; is 89px left which is not in range of 306 to 310px (/specs/superpubliclanding.spec:528)
  - &quot;ToolSumry&quot; width is 407px which is not in range of 480 to 486px (/specs/superpubliclanding.spec:532)
  - &quot;ToolSumry&quot; height is 72px which is not in range of 51 to 57px (/specs/superpubliclanding.spec:533)
  - &quot;ToolSumry&quot; is 381px left which is not in range of 306 to 310px (/specs/superpubliclanding.spec:536)
  - &quot;ToolSumry&quot; is 29px below &quot;ToolsDoc&quot; which is not in range of 34 to 38px (/specs/superpubliclanding.spec:537)
  - &quot;Tooltext&quot; width is 446px which is not in range of 373 to 381px (/specs/superpubliclanding.spec:540)
  - &quot;Tooltext&quot; css property &quot;line-height&quot; is &quot;15px&quot; but should be &quot;14px&quot; (/specs/superpubliclanding.spec:543)
  - &quot;Tooltext&quot; is 361px left which is not in range of 366 to 370px (/specs/superpubliclanding.spec:544)
  - &quot;Tooltext&quot; is 25px below &quot;ToolSumry&quot; which is not in range of 54 to 58px (/specs/superpubliclanding.spec:545)
  - &quot;CodeSnippet&quot; height is 300px which is not in range of 313 to 320px (/specs/superpubliclanding.spec:549)
  - &quot;CodeSnippet&quot; is 260px left which is not in range of 221 to 225px (/specs/superpubliclanding.spec:550)
  - &quot;CTA1&quot; is 354px left which is not in range of 319 to 323px (/specs/superpubliclanding.spec:558)
  - &quot;CTA1&quot; css property &quot;line-height&quot; is &quot;18px&quot; but should be &quot;16px&quot; (/specs/superpubliclanding.spec:560)
  - &quot;CTA2&quot; is 597px left which is not in range of 559 to 563px (/specs/superpubliclanding.spec:566)
  - &quot;CTA2&quot; css property &quot;line-height&quot; is &quot;18px&quot; but should be &quot;16px&quot; (/specs/superpubliclanding.spec:568)
  - &quot;help-component&quot; height is 228px which is not in range of 238 to 242px (/specs/superpubliclanding.spec:674)
  - &quot;help-first-leaf&quot; is 509px left instead of 486px (/specs/superpubliclanding.spec:677)
  - &quot;help-first-leaf&quot; height is 46px which is not in range of 29 to 33px (/specs/superpubliclanding.spec:678)
  - &quot;help-last-leaf&quot; is absent on page (/specs/superpubliclanding.spec:683)
  - &quot;help-last-leaf&quot; is absent on page (/specs/superpubliclanding.spec:684)
  - &quot;help-last-leaf&quot; is absent on page (/specs/superpubliclanding.spec:685)
  - &quot;help-last-leaf&quot; is absent on page (/specs/superpubliclanding.spec:686)
  - &quot;help-last-leaf&quot; is absent on page (/specs/superpubliclanding.spec:687)
  - &quot;footer-container&quot; is absent on page (/specs/superpubliclanding.spec:729)
  - &quot;footer-container&quot; is absent on page (/specs/superpubliclanding.spec:730)
  - &quot;footer-container&quot; is absent on page (/specs/superpubliclanding.spec:731)
  - &quot;footer-copy-right&quot; is absent on page (/specs/superpubliclanding.spec:734)
  - &quot;footer-right-menu&quot; is absent on page (/specs/superpubliclanding.spec:759)
  - &quot;footer-right-menu&quot; is absent on page (/specs/superpubliclanding.spec:760)
  - Cannot find locator for &quot;footer-rtmenu-items-1&quot; in page spec (/specs/superpubliclanding.spec:764)
  - Cannot find locator for &quot;footer-rtmenu-items-1&quot; in page spec (/specs/superpubliclanding.spec:765)
  - Cannot find locator for &quot;footer-rtmenu-items-1&quot; in page spec (/specs/superpubliclanding.spec:766)
">
      <![CDATA[com.galenframework.support.LayoutValidationException: /specs/superpubliclanding.spec, tags: [Desktop]
  - "header-container" height is 96px which is not in range of 188 to 192px (/specs/superpubliclanding.spec:48)
  - color #e03e4b on "header-container" is 0% but it should be greater than 90% (/specs/superpubliclanding.spec:49)
  - "left-menu-head" is absent on page (/specs/superpubliclanding.spec:52)
  - "left-menu-head" is absent on page (/specs/superpubliclanding.spec:55)
  - "logo-img" height is 38px which is not in range of 29 to 33px (/specs/superpubliclanding.spec:56)
  - "left-menu-head" is absent on page (/specs/superpubliclanding.spec:59)
  - "for-developers" is 18px right of "logo-img" which is not in range of 23 to 25px (/specs/superpubliclanding.spec:60)
  - "for-developers" height is 25px which is not in range of 19 to 23px (/specs/superpubliclanding.spec:61)
  - "right-menu-head" is absent on page (/specs/superpubliclanding.spec:97)
  - "right-menu-head" is absent on page (/specs/superpubliclanding.spec:98)
  - Cannot find locator for "right-menuhead-items-1" in page spec (/specs/superpubliclanding.spec:102)
  - Cannot find locator for "right-menuhead-items-1" in page spec (/specs/superpubliclanding.spec:103)
  - "hero-banner" is -4px top instead of 0px (/specs/superpubliclanding.spec:155)
  - Couldn't fetch spectrum for "hero-banner" (/specs/superpubliclanding.spec:156)
  - "hero-head" is absent on page (/specs/superpubliclanding.spec:159)
  - "hero-head" is absent on page (/specs/superpubliclanding.spec:160)
  - "hero-head" is absent on page (/specs/superpubliclanding.spec:161)
  - "hero-head" is absent on page (/specs/superpubliclanding.spec:162)
  - "hero-para" is absent on page (/specs/superpubliclanding.spec:165)
  - "hero-para" is absent on page (/specs/superpubliclanding.spec:166)
  - "hero-para" is absent on page (/specs/superpubliclanding.spec:167)
  - "hero-para" is absent on page (/specs/superpubliclanding.spec:168)
  - "hero-para" is absent on page (/specs/superpubliclanding.spec:169)
  - "hero-cta1" is 863px left instead of 75px, is 374px top instead of 432px (/specs/superpubliclanding.spec:172)
  - "hero-para" is absent on page (/specs/superpubliclanding.spec:173)
  - "hero-cta1" height is 120px which is not in range of 48 to 52px (/specs/superpubliclanding.spec:174)
  - "hero-cta1" css property "font-size" is "14px" but should be "16px" (/specs/superpubliclanding.spec:175)
  - "hero-cta1" css property "line-height" is "20px" but should be "18px" (/specs/superpubliclanding.spec:176)
  - "Highlight1" height is 108px which is not in range of 81 to 87px (/specs/superpubliclanding.spec:233)
  - "Highlight1" is 221px left which is not in range of 134 to 138px (/specs/superpubliclanding.spec:234)
  - "Highlight2" height is 65px which is not in range of 98 to 104px (/specs/superpubliclanding.spec:238)
  - "Highlight2" is 552px left which is not in range of 390 to 394px (/specs/superpubliclanding.spec:239)
  - "Highlight2" is 266px right of "Highlight1" which is not in range of 189 to 193px (/specs/superpubliclanding.spec:240)
  - "Highlight3" width is 65px which is not in range of 80 to 86px (/specs/superpubliclanding.spec:244)
  - "Highlight3" height is 65px which is not in range of 80 to 86px (/specs/superpubliclanding.spec:245)
  - "Highlight3" is 883px left which is not in range of 634 to 638px (/specs/superpubliclanding.spec:246)
  - "Highlight3" is 266px right of "Highlight2" which is not in range of 180 to 184px (/specs/superpubliclanding.spec:247)
  - "Highlight4" width is 65px which is not in range of 76 to 83px (/specs/superpubliclanding.spec:251)
  - "Highlight4" height is 84px which is not in range of 76 to 83px (/specs/superpubliclanding.spec:252)
  - "Highlight4" is 387px left which is not in range of 893 to 897px (/specs/superpubliclanding.spec:253)
  - "Highlight4" is -561px right of "Highlight3" which is not in range of 175 to 179px (/specs/superpubliclanding.spec:254)
  - "HighlightTitle1" width is 279px which is not in range of 226 to 232px (/specs/superpubliclanding.spec:257)
  - "HighlightTitle1" css property "line-height" is "27px" but should be "26px" (/specs/superpubliclanding.spec:260)
  - "HighlightTitle1" is 114px left which is not in range of 53 to 57px (/specs/superpubliclanding.spec:261)
  - "HighlightTitle1" is 10px below "Highlight1" which is not in range of 34 to 38px (/specs/superpubliclanding.spec:262)
  - "HighlightTitle2" width is 279px which is not in range of 226 to 232px (/specs/superpubliclanding.spec:266)
  - "HighlightTitle2" css property "line-height" is "27px" but should be "26px" (/specs/superpubliclanding.spec:269)
  - "HighlightTitle2" is 445px left which is not in range of 305 to 311px (/specs/superpubliclanding.spec:270)
  - "HighlightTitle2" is 53px below "Highlight2" which is not in range of 19 to 23px (/specs/superpubliclanding.spec:271)
  - "HighlightTitle2" is 52px right of "HighlightTitle1" which is not in range of 21.97 to 25.97px (/specs/superpubliclanding.spec:272)
  - "HighlightTitle3" width is 279px which is not in range of 226 to 232px (/specs/superpubliclanding.spec:274)
  - "HighlightTitle3" css property "line-height" is "27px" but should be "26px" (/specs/superpubliclanding.spec:277)
  - "HighlightTitle3" is 776px left which is not in range of 560 to 564px (/specs/superpubliclanding.spec:278)
  - "HighlightTitle3" is 53px below "Highlight3" instead of 37px (/specs/superpubliclanding.spec:279)
  - "HighlightTitle3" is 52px right of "HighlightTitle2" which is not in range of 23 to 27px (/specs/superpubliclanding.spec:280)
  - "HighlightTitle4" width is 279px which is not in range of 226 to 232px (/specs/superpubliclanding.spec:282)
  - "HighlightTitle4" css property "line-height" is "27px" but should be "26px" (/specs/superpubliclanding.spec:285)
  - "HighlightTitle4" is 279px left which is not in range of 893 to 897px (/specs/superpubliclanding.spec:286)
  - "HighlightTitle4" is 34px below "Highlight4" which is not in range of 36 to 40px (/specs/superpubliclanding.spec:287)
  - "HighlightTitle4" is -776px right of "HighlightTitle3" which is not in range of 22 to 26px (/specs/superpubliclanding.spec:288)
  - "HighligtSumary1" width is 279px which is not in range of 226 to 232px (/specs/superpubliclanding.spec:291)
  - "HighligtSumary1" height is 36px which is not in range of 51 to 57px (/specs/superpubliclanding.spec:292)
  - "HighligtSumary1" is 114px left which is not in range of 53 to 57px (/specs/superpubliclanding.spec:295)
  - "HighligtSumary2" width is 279px which is not in range of 229 to 233px (/specs/superpubliclanding.spec:300)
  - "HighligtSumary2" is 445px left which is not in range of 304 to 308px (/specs/superpubliclanding.spec:304)
  - "HighligtSumary2" is 52px right of "HighligtSumary1" which is not in range of 20 to 24px (/specs/superpubliclanding.spec:306)
  - "HighligtSumary3" width is 279px which is not in range of 226 to 232px (/specs/superpubliclanding.spec:309)
  - "HighligtSumary3" height is 36px which is not in range of 51 to 57px (/specs/superpubliclanding.spec:310)
  - "HighligtSumary3" is 776px left which is not in range of 561 to 565px (/specs/superpubliclanding.spec:313)
  - "HighligtSumary3" is 52px right of "HighligtSumary2" which is not in range of 23 to 27px (/specs/superpubliclanding.spec:315)
  - "HighligtSumary4" width is 279px which is not in range of 226 to 232px (/specs/superpubliclanding.spec:318)
  - "HighligtSumary4" height is 36px which is not in range of 51 to 57px (/specs/superpubliclanding.spec:319)
  - "HighligtSumary4" is 279px left which is not in range of 814 to 818px (/specs/superpubliclanding.spec:322)
  - "HighligtSumary4" is 260px below "HighlightTitle3" which is not in range of 14 to 19px (/specs/superpubliclanding.spec:323)
  - "HighligtSumary4" is -776px right of "HighligtSumary3" which is not in range of 22 to 26px (/specs/superpubliclanding.spec:324)
  - "ToolsDoc" width is 992px which is not in range of 480 to 486px (/specs/superpubliclanding.spec:524)
  - "ToolsDoc" css property "line-height" is "31px" but should be "29px" (/specs/superpubliclanding.spec:527)
  - "ToolsDoc" is 89px left which is not in range of 306 to 310px (/specs/superpubliclanding.spec:528)
  - "ToolSumry" width is 407px which is not in range of 480 to 486px (/specs/superpubliclanding.spec:532)
  - "ToolSumry" height is 72px which is not in range of 51 to 57px (/specs/superpubliclanding.spec:533)
  - "ToolSumry" is 381px left which is not in range of 306 to 310px (/specs/superpubliclanding.spec:536)
  - "ToolSumry" is 29px below "ToolsDoc" which is not in range of 34 to 38px (/specs/superpubliclanding.spec:537)
  - "Tooltext" width is 446px which is not in range of 373 to 381px (/specs/superpubliclanding.spec:540)
  - "Tooltext" css property "line-height" is "15px" but should be "14px" (/specs/superpubliclanding.spec:543)
  - "Tooltext" is 361px left which is not in range of 366 to 370px (/specs/superpubliclanding.spec:544)
  - "Tooltext" is 25px below "ToolSumry" which is not in range of 54 to 58px (/specs/superpubliclanding.spec:545)
  - "CodeSnippet" height is 300px which is not in range of 313 to 320px (/specs/superpubliclanding.spec:549)
  - "CodeSnippet" is 260px left which is not in range of 221 to 225px (/specs/superpubliclanding.spec:550)
  - "CTA1" is 354px left which is not in range of 319 to 323px (/specs/superpubliclanding.spec:558)
  - "CTA1" css property "line-height" is "18px" but should be "16px" (/specs/superpubliclanding.spec:560)
  - "CTA2" is 597px left which is not in range of 559 to 563px (/specs/superpubliclanding.spec:566)
  - "CTA2" css property "line-height" is "18px" but should be "16px" (/specs/superpubliclanding.spec:568)
  - "help-component" height is 228px which is not in range of 238 to 242px (/specs/superpubliclanding.spec:674)
  - "help-first-leaf" is 509px left instead of 486px (/specs/superpubliclanding.spec:677)
  - "help-first-leaf" height is 46px which is not in range of 29 to 33px (/specs/superpubliclanding.spec:678)
  - "help-last-leaf" is absent on page (/specs/superpubliclanding.spec:683)
  - "help-last-leaf" is absent on page (/specs/superpubliclanding.spec:684)
  - "help-last-leaf" is absent on page (/specs/superpubliclanding.spec:685)
  - "help-last-leaf" is absent on page (/specs/superpubliclanding.spec:686)
  - "help-last-leaf" is absent on page (/specs/superpubliclanding.spec:687)
  - "footer-container" is absent on page (/specs/superpubliclanding.spec:729)
  - "footer-container" is absent on page (/specs/superpubliclanding.spec:730)
  - "footer-container" is absent on page (/specs/superpubliclanding.spec:731)
  - "footer-copy-right" is absent on page (/specs/superpubliclanding.spec:734)
  - "footer-right-menu" is absent on page (/specs/superpubliclanding.spec:759)
  - "footer-right-menu" is absent on page (/specs/superpubliclanding.spec:760)
  - Cannot find locator for "footer-rtmenu-items-1" in page spec (/specs/superpubliclanding.spec:764)
  - Cannot find locator for "footer-rtmenu-items-1" in page spec (/specs/superpubliclanding.spec:765)
  - Cannot find locator for "footer-rtmenu-items-1" in page spec (/specs/superpubliclanding.spec:766)

	at com.galenframework.support.GalenJavaTestBase.checkLayout(GalenJavaTestBase.java:129)
	at com.galenframework.support.GalenJavaTestBase.checkLayout(GalenJavaTestBase.java:111)
	at com.galenframework.java.USB.tests.SecureLandingPage_creative_Verification.superPublicLandingPage(SecureLandingPage_creative_Verification.java:86)
	at sun.reflect.NativeMethodAccessorImpl.invoke0(Native Method)
	at sun.reflect.NativeMethodAccessorImpl.invoke(NativeMethodAccessorImpl.java:62)
	at sun.reflect.DelegatingMethodAccessorImpl.invoke(DelegatingMethodAccessorImpl.java:43)
	at java.lang.reflect.Method.invoke(Method.java:498)
	at org.testng.internal.MethodInvocationHelper.invokeMethod(MethodInvocationHelper.java:80)
	at org.testng.internal.Invoker.invokeMethod(Invoker.java:715)
	at org.testng.internal.Invoker.invokeTestMethod(Invoker.java:907)
	at org.testng.internal.Invoker.invokeTestMethods(Invoker.java:1237)
	at org.testng.internal.TestMethodWorker.invokeTestMethods(TestMethodWorker.java:127)
	at org.testng.internal.TestMethodWorker.run(TestMethodWorker.java:111)
	at org.testng.TestRunner.privateRun(TestRunner.java:767)
	at org.testng.TestRunner.run(TestRunner.java:617)
	at org.testng.SuiteRunner.runTest(SuiteRunner.java:334)
	at org.testng.SuiteRunner.runSequentially(SuiteRunner.java:329)
	at org.testng.SuiteRunner.privateRun(SuiteRunner.java:291)
	at org.testng.SuiteRunner.run(SuiteRunner.java:240)
	at org.testng.SuiteRunnerWorker.runSuite(SuiteRunnerWorker.java:51)
	at org.testng.SuiteRunnerWorker.run(SuiteRunnerWorker.java:85)
	at org.testng.TestNG.runSuitesSequentially(TestNG.java:1197)
	at org.testng.TestNG.runSuitesLocally(TestNG.java:1122)
	at org.testng.TestNG.run(TestNG.java:1030)
	at org.testng.remote.AbstractRemoteTestNG.run(AbstractRemoteTestNG.java:132)
	at org.testng.remote.RemoteTestNG.initAndRun(RemoteTestNG.java:230)
	at org.testng.remote.RemoteTestNG.main(RemoteTestNG.java:76)
]]>
    </failure>
  </testcase> <!-- superPublicLandingPage -->
  <testcase name="fsvPublicLandingPage" time="218.401" classname="com.galenframework.java.USB.tests.SecureLandingPage_creative_Verification">
    <failure type="com.galenframework.support.LayoutValidationException" message="/specs/fsvpubliclanding.spec, tags: [Mobile]
  - &quot;header-container&quot; height is 61px which is not in range of 605 to 609px (/specs/fsvpubliclanding.spec:80)
  - color #e03e4b on &quot;header-container&quot; is 0% but it should be greater than 90% (/specs/fsvpubliclanding.spec:81)
  - &quot;left-menu-head&quot; is 82px left instead of 0px (/specs/fsvpubliclanding.spec:84)
  - &quot;logo-img&quot; is absent on page (/specs/fsvpubliclanding.spec:87)
  - &quot;logo-img&quot; is absent on page (/specs/fsvpubliclanding.spec:88)
  - &quot;right-menu-head&quot; is not visible on page (/specs/fsvpubliclanding.spec:131)
  - &quot;right-menuhead-items-1&quot; is not visible on page (/specs/fsvpubliclanding.spec:135)
  - &quot;right-menuhead-items-1&quot; is not visible on page (/specs/fsvpubliclanding.spec:136)
  - &quot;right-menuhead-items-1&quot; is not visible on page (/specs/fsvpubliclanding.spec:139)
  - &quot;right-menuhead-items-1&quot; is not visible on page (/specs/fsvpubliclanding.spec:140)
  - &quot;right-menuhead-items-2&quot; is not visible on page (/specs/fsvpubliclanding.spec:139)
  - &quot;right-menuhead-items-2&quot; is not visible on page (/specs/fsvpubliclanding.spec:140)
  - &quot;right-menuhead-items-2&quot; is not visible on page (/specs/fsvpubliclanding.spec:144)
  - &quot;right-menuhead-items-2&quot; is not visible on page (/specs/fsvpubliclanding.spec:145)
  - &quot;right-menuhead-items-3&quot; is not visible on page (/specs/fsvpubliclanding.spec:139)
  - &quot;right-menuhead-items-3&quot; is not visible on page (/specs/fsvpubliclanding.spec:140)
  - &quot;right-menuhead-items-3&quot; is not visible on page (/specs/fsvpubliclanding.spec:144)
  - &quot;right-menuhead-items-3&quot; is not visible on page (/specs/fsvpubliclanding.spec:145)
  - &quot;right-menuhead-items-4&quot; is not visible on page (/specs/fsvpubliclanding.spec:139)
  - &quot;right-menuhead-items-4&quot; is not visible on page (/specs/fsvpubliclanding.spec:140)
  - &quot;right-menuhead-items-4&quot; is not visible on page (/specs/fsvpubliclanding.spec:144)
  - &quot;right-menuhead-items-4&quot; is not visible on page (/specs/fsvpubliclanding.spec:145)
  - &quot;hero-banner&quot; is absent on page (/specs/fsvpubliclanding.spec:201)
  - &quot;hero-banner&quot; is absent on page (/specs/fsvpubliclanding.spec:202)
  - &quot;hero-banner&quot; is absent on page (/specs/fsvpubliclanding.spec:205)
  - &quot;hero-head&quot; height is 27px which is not in range of 58 to 62px (/specs/fsvpubliclanding.spec:206)
  - &quot;hero-head&quot; css property &quot;line-height&quot; is &quot;27px&quot; but should be &quot;39px&quot; (/specs/fsvpubliclanding.spec:208)
  - &quot;hero-banner&quot; is absent on page (/specs/fsvpubliclanding.spec:211)
  - &quot;hero-para&quot; is 5px below &quot;hero-head&quot; instead of 0px (/specs/fsvpubliclanding.spec:212)
  - &quot;hero-para&quot; height is 27px which is not in range of 56 to 60px (/specs/fsvpubliclanding.spec:213)
  - &quot;hero-para&quot; css property &quot;line-height&quot; is &quot;27px&quot; but should be &quot;39px&quot; (/specs/fsvpubliclanding.spec:215)
  - &quot;hero-banner&quot; is absent on page (/specs/fsvpubliclanding.spec:218)
  - &quot;hero-cta1&quot; is 68px below &quot;hero-para&quot; instead of 30px (/specs/fsvpubliclanding.spec:219)
  - &quot;hero-cta1&quot; height is 95px which is not in range of 38 to 42px (/specs/fsvpubliclanding.spec:220)
  - &quot;hero-cta1&quot; css property &quot;line-height&quot; is &quot;20px&quot; but should be &quot;16px&quot; (/specs/fsvpubliclanding.spec:222)
  - &quot;Highlight1&quot; is 240px left which is not in range of 153 to 157px (/specs/fsvpubliclanding.spec:328)
  - &quot;Highlight2&quot; height is 107px which is not in range of 98 to 104px (/specs/fsvpubliclanding.spec:332)
  - &quot;Highlight2&quot; is 240px left which is not in range of 154 to 158px (/specs/fsvpubliclanding.spec:333)
  - &quot;Highlight2&quot; is 105px below &quot;Highlight1&quot; which is not in range of 183 to 187px (/specs/fsvpubliclanding.spec:334)
  - &quot;Highlight3&quot; width is 65px which is not in range of 80 to 86px (/specs/fsvpubliclanding.spec:338)
  - &quot;Highlight3&quot; height is 65px which is not in range of 80 to 86px (/specs/fsvpubliclanding.spec:339)
  - &quot;Highlight3&quot; is 240px left which is not in range of 145 to 149px (/specs/fsvpubliclanding.spec:340)
  - &quot;Highlight3&quot; is 123px below &quot;Highlight2&quot; which is not in range of 153 to 157px (/specs/fsvpubliclanding.spec:341)
  - &quot;Highlight4&quot; width is 65px which is not in range of 76 to 83px (/specs/fsvpubliclanding.spec:345)
  - &quot;Highlight4&quot; height is 65px which is not in range of 76 to 83px (/specs/fsvpubliclanding.spec:346)
  - &quot;Highlight4&quot; is 240px left which is not in range of 146 to 150px (/specs/fsvpubliclanding.spec:347)
  - &quot;Highlight4&quot; is 105px below &quot;Highlight3&quot; which is not in range of 164 to 168px (/specs/fsvpubliclanding.spec:348)
  - &quot;HighlightTitle1&quot; width is 480px which is not in range of 260 to 266px (/specs/fsvpubliclanding.spec:351)
  - &quot;HighlightTitle1&quot; css property &quot;line-height&quot; is &quot;27px&quot; but should be &quot;26px&quot; (/specs/fsvpubliclanding.spec:354)
  - &quot;HighlightTitle1&quot; is 32px left which is not in range of 51 to 55px (/specs/fsvpubliclanding.spec:355)
  - &quot;HighlightTitle1&quot; is 16px below &quot;Highlight1&quot; which is not in range of 20 to 24px (/specs/fsvpubliclanding.spec:356)
  - &quot;HighlightTitle2&quot; width is 480px which is not in range of 273 to 279px (/specs/fsvpubliclanding.spec:360)
  - &quot;HighlightTitle2&quot; css property &quot;line-height&quot; is &quot;27px&quot; but should be &quot;26px&quot; (/specs/fsvpubliclanding.spec:363)
  - &quot;HighlightTitle2&quot; is 32px left which is not in range of 48 to 52px (/specs/fsvpubliclanding.spec:364)
  - &quot;HighlightTitle2&quot; is 16px below &quot;Highlight2&quot; which is not in range of 5 to 11px (/specs/fsvpubliclanding.spec:365)
  - &quot;HighlightTitle3&quot; width is 480px which is not in range of 273 to 279px (/specs/fsvpubliclanding.spec:368)
  - &quot;HighlightTitle3&quot; css property &quot;line-height&quot; is &quot;27px&quot; but should be &quot;26px&quot; (/specs/fsvpubliclanding.spec:371)
  - &quot;HighlightTitle3&quot; is 32px left which is not in range of 50 to 54px (/specs/fsvpubliclanding.spec:372)
  - &quot;HighlightTitle3&quot; is 16px below &quot;Highlight3&quot; which is not in range of 21 to 25px (/specs/fsvpubliclanding.spec:373)
  - &quot;HighlightTitle4&quot; width is 480px which is not in range of 258 to 266px (/specs/fsvpubliclanding.spec:376)
  - &quot;HighlightTitle4&quot; css property &quot;line-height&quot; is &quot;27px&quot; but should be &quot;26px&quot; (/specs/fsvpubliclanding.spec:379)
  - &quot;HighlightTitle4&quot; is 32px left which is not in range of 52 to 56px (/specs/fsvpubliclanding.spec:380)
  - &quot;HighlightTitle4&quot; is 16px below &quot;Highlight4&quot; which is not in range of 22 to 26px (/specs/fsvpubliclanding.spec:381)
  - &quot;HighligtSumary1&quot; width is 480px which is not in range of 272 to 278px (/specs/fsvpubliclanding.spec:385)
  - &quot;HighligtSumary1&quot; height is 18px which is not in range of 36 to 44px (/specs/fsvpubliclanding.spec:386)
  - &quot;HighligtSumary1&quot; css property &quot;line-height&quot; is &quot;18px&quot; but should be &quot;20px&quot; (/specs/fsvpubliclanding.spec:388)
  - &quot;HighligtSumary1&quot; is 32px left which is not in range of 49 to 53px (/specs/fsvpubliclanding.spec:389)
  - &quot;HighligtSumary2&quot; width is 480px which is not in range of 279 to 285px (/specs/fsvpubliclanding.spec:394)
  - &quot;HighligtSumary2&quot; css property &quot;line-height&quot; is &quot;18px&quot; but should be &quot;20px&quot; (/specs/fsvpubliclanding.spec:397)
  - &quot;HighligtSumary2&quot; is 32px left which is not in range of 51 to 55px (/specs/fsvpubliclanding.spec:398)
  - &quot;HighligtSumary3&quot; width is 480px which is not in range of 274 to 280px (/specs/fsvpubliclanding.spec:403)
  - &quot;HighligtSumary3&quot; height is 18px which is not in range of 33 to 40px (/specs/fsvpubliclanding.spec:404)
  - &quot;HighligtSumary3&quot; is 32px left which is not in range of 50 to 54px (/specs/fsvpubliclanding.spec:407)
  - &quot;HighligtSumary4&quot; width is 480px which is not in range of 260 to 267px (/specs/fsvpubliclanding.spec:412)
  - &quot;HighligtSumary4&quot; height is 36px which is not in range of 51 to 57px (/specs/fsvpubliclanding.spec:413)
  - &quot;HighligtSumary4&quot; is 32px left which is not in range of 51 to 55px (/specs/fsvpubliclanding.spec:416)
  - &quot;HighligtSumary4&quot; is 184px below &quot;HighlightTitle3&quot; which is not in range of 12 to 18px (/specs/fsvpubliclanding.spec:417)
  - &quot;ToolsDoc&quot; width is 528px which is not in range of 108 to 288px (/specs/fsvpubliclanding.spec:571)
  - &quot;ToolsDoc&quot; height is 31px which is not in range of 59 to 65px (/specs/fsvpubliclanding.spec:572)
  - &quot;ToolsDoc&quot; css property &quot;line-height&quot; is &quot;31px&quot; but should be &quot;31.008px&quot; (/specs/fsvpubliclanding.spec:574)
  - &quot;ToolsDoc&quot; is 8px left which is not in range of 54 to 58px (/specs/fsvpubliclanding.spec:575)
  - &quot;ToolSumry&quot; width is 475px which is not in range of 285 to 290px (/specs/fsvpubliclanding.spec:579)
  - &quot;ToolSumry&quot; height is 72px which is not in range of 105 to 111px (/specs/fsvpubliclanding.spec:580)
  - &quot;ToolSumry&quot; is 34px left which is not in range of 42 to 46px (/specs/fsvpubliclanding.spec:583)
  - &quot;ToolSumry&quot; is 29px below &quot;ToolsDoc&quot; which is not in range of 18 to 22px (/specs/fsvpubliclanding.spec:584)
  - &quot;Tooltext&quot; width is 475px which is not in range of 297 to 303px (/specs/fsvpubliclanding.spec:587)
  - &quot;Tooltext&quot; css property &quot;line-height&quot; is &quot;15px&quot; but should be &quot;14px&quot; (/specs/fsvpubliclanding.spec:590)
  - &quot;Tooltext&quot; is 34px left which is not in range of 36 to 40px (/specs/fsvpubliclanding.spec:591)
  - &quot;CodeSnippet&quot; width is 528px which is not in range of 347 to 353px (/specs/fsvpubliclanding.spec:595)
  - &quot;CodeSnippet&quot; height is 300px which is not in range of 411 to 417px (/specs/fsvpubliclanding.spec:596)
  - &quot;CodeSnippet&quot; is 8px left which is not in range of 11 to 15px (/specs/fsvpubliclanding.spec:597)
  - &quot;CodeSnippet&quot; is 30px below &quot;Tooltext&quot; which is not in range of 20 to 24px (/specs/fsvpubliclanding.spec:598)
  - &quot;CTA1&quot; is 105px left which is not in range of 14 to 18px (/specs/fsvpubliclanding.spec:604)
  - &quot;CTA1&quot; css property &quot;line-height&quot; is &quot;18px&quot; but should be &quot;16px&quot; (/specs/fsvpubliclanding.spec:606)
  - &quot;CTA1&quot; is 34px below &quot;CodeSnippet&quot; which is not in range of 28 to 32px (/specs/fsvpubliclanding.spec:607)
  - &quot;CTA2&quot; is 279px left which is not in range of 196 to 200px (/specs/fsvpubliclanding.spec:612)
  - &quot;CTA2&quot; css property &quot;line-height&quot; is &quot;18px&quot; but should be &quot;16px&quot; (/specs/fsvpubliclanding.spec:614)
  - &quot;CTA2&quot; is 14px right of &quot;CTA1&quot; which is not in range of 20 to 24px (/specs/fsvpubliclanding.spec:615)
  - &quot;CTA2&quot; is 34px below &quot;CodeSnippet&quot; which is not in range of 28 to 32px (/specs/fsvpubliclanding.spec:616)
  - &quot;help-component&quot; height is 217px which is not in range of 261 to 265px (/specs/fsvpubliclanding.spec:690)
  - &quot;help-first-leaf&quot; is 210px left instead of 15px (/specs/fsvpubliclanding.spec:693)
  - &quot;help-first-leaf&quot; height is 39px which is not in range of 29 to 33px (/specs/fsvpubliclanding.spec:694)
  - &quot;help-last-leaf&quot; is 195px left instead of 108px (/specs/fsvpubliclanding.spec:699)
  - &quot;help-last-leaf&quot; css property &quot;line-height&quot; is &quot;18px&quot; but should be &quot;16px&quot; (/specs/fsvpubliclanding.spec:703)
  - Cannot find locator for &quot;footer-container&quot; in page spec (/specs/fsvpubliclanding.spec:745)
  - Cannot find locator for &quot;footer-container&quot; in page spec (/specs/fsvpubliclanding.spec:746)
  - Cannot find locator for &quot;footer-container&quot; in page spec (/specs/fsvpubliclanding.spec:747)
  - &quot;footer-copy-right&quot; is not visible on page (/specs/fsvpubliclanding.spec:750)
  - &quot;footer-copy-right&quot; is not visible on page (/specs/fsvpubliclanding.spec:751)
  - Cannot find locator for &quot;footer-container&quot; in page spec (/specs/fsvpubliclanding.spec:795)
  - &quot;footer-copy-right&quot; is not visible on page (/specs/fsvpubliclanding.spec:796)
  - &quot;footer-rtmenu-items-1&quot; height is 34px which is not in range of 18 to 22px (/specs/fsvpubliclanding.spec:801)
  - color #ffffff on &quot;footer-rtmenu-items-1&quot; is 0% instead of 5% (/specs/fsvpubliclanding.spec:802)
  - &quot;footer-rtmenu-items-1&quot; height is 34px which is not in range of 18 to 22px (/specs/fsvpubliclanding.spec:806)
  - &quot;footer-rtmenu-items-2&quot; height is 34px which is not in range of 18 to 22px (/specs/fsvpubliclanding.spec:806)
  - &quot;footer-rtmenu-items-2&quot; is 0px below &quot;footer-rtmenu-items-1&quot; which is not in range of 15 to 18px (/specs/fsvpubliclanding.spec:810)
  - &quot;footer-rtmenu-items-3&quot; height is 34px which is not in range of 18 to 22px (/specs/fsvpubliclanding.spec:806)
  - &quot;footer-rtmenu-items-3&quot; is 0px below &quot;footer-rtmenu-items-2&quot; which is not in range of 15 to 18px (/specs/fsvpubliclanding.spec:810)
  - &quot;footer-rtmenu-items-4&quot; height is 34px which is not in range of 18 to 22px (/specs/fsvpubliclanding.spec:806)
  - &quot;footer-rtmenu-items-4&quot; is 0px below &quot;footer-rtmenu-items-3&quot; which is not in range of 15 to 18px (/specs/fsvpubliclanding.spec:810)
  - &quot;footer-rtmenu-items-5&quot; height is 34px which is not in range of 18 to 22px (/specs/fsvpubliclanding.spec:806)
  - &quot;footer-rtmenu-items-5&quot; is 0px below &quot;footer-rtmenu-items-4&quot; which is not in range of 15 to 18px (/specs/fsvpubliclanding.spec:810)
">
      <![CDATA[com.galenframework.support.LayoutValidationException: /specs/fsvpubliclanding.spec, tags: [Mobile]
  - "header-container" height is 61px which is not in range of 605 to 609px (/specs/fsvpubliclanding.spec:80)
  - color #e03e4b on "header-container" is 0% but it should be greater than 90% (/specs/fsvpubliclanding.spec:81)
  - "left-menu-head" is 82px left instead of 0px (/specs/fsvpubliclanding.spec:84)
  - "logo-img" is absent on page (/specs/fsvpubliclanding.spec:87)
  - "logo-img" is absent on page (/specs/fsvpubliclanding.spec:88)
  - "right-menu-head" is not visible on page (/specs/fsvpubliclanding.spec:131)
  - "right-menuhead-items-1" is not visible on page (/specs/fsvpubliclanding.spec:135)
  - "right-menuhead-items-1" is not visible on page (/specs/fsvpubliclanding.spec:136)
  - "right-menuhead-items-1" is not visible on page (/specs/fsvpubliclanding.spec:139)
  - "right-menuhead-items-1" is not visible on page (/specs/fsvpubliclanding.spec:140)
  - "right-menuhead-items-2" is not visible on page (/specs/fsvpubliclanding.spec:139)
  - "right-menuhead-items-2" is not visible on page (/specs/fsvpubliclanding.spec:140)
  - "right-menuhead-items-2" is not visible on page (/specs/fsvpubliclanding.spec:144)
  - "right-menuhead-items-2" is not visible on page (/specs/fsvpubliclanding.spec:145)
  - "right-menuhead-items-3" is not visible on page (/specs/fsvpubliclanding.spec:139)
  - "right-menuhead-items-3" is not visible on page (/specs/fsvpubliclanding.spec:140)
  - "right-menuhead-items-3" is not visible on page (/specs/fsvpubliclanding.spec:144)
  - "right-menuhead-items-3" is not visible on page (/specs/fsvpubliclanding.spec:145)
  - "right-menuhead-items-4" is not visible on page (/specs/fsvpubliclanding.spec:139)
  - "right-menuhead-items-4" is not visible on page (/specs/fsvpubliclanding.spec:140)
  - "right-menuhead-items-4" is not visible on page (/specs/fsvpubliclanding.spec:144)
  - "right-menuhead-items-4" is not visible on page (/specs/fsvpubliclanding.spec:145)
  - "hero-banner" is absent on page (/specs/fsvpubliclanding.spec:201)
  - "hero-banner" is absent on page (/specs/fsvpubliclanding.spec:202)
  - "hero-banner" is absent on page (/specs/fsvpubliclanding.spec:205)
  - "hero-head" height is 27px which is not in range of 58 to 62px (/specs/fsvpubliclanding.spec:206)
  - "hero-head" css property "line-height" is "27px" but should be "39px" (/specs/fsvpubliclanding.spec:208)
  - "hero-banner" is absent on page (/specs/fsvpubliclanding.spec:211)
  - "hero-para" is 5px below "hero-head" instead of 0px (/specs/fsvpubliclanding.spec:212)
  - "hero-para" height is 27px which is not in range of 56 to 60px (/specs/fsvpubliclanding.spec:213)
  - "hero-para" css property "line-height" is "27px" but should be "39px" (/specs/fsvpubliclanding.spec:215)
  - "hero-banner" is absent on page (/specs/fsvpubliclanding.spec:218)
  - "hero-cta1" is 68px below "hero-para" instead of 30px (/specs/fsvpubliclanding.spec:219)
  - "hero-cta1" height is 95px which is not in range of 38 to 42px (/specs/fsvpubliclanding.spec:220)
  - "hero-cta1" css property "line-height" is "20px" but should be "16px" (/specs/fsvpubliclanding.spec:222)
  - "Highlight1" is 240px left which is not in range of 153 to 157px (/specs/fsvpubliclanding.spec:328)
  - "Highlight2" height is 107px which is not in range of 98 to 104px (/specs/fsvpubliclanding.spec:332)
  - "Highlight2" is 240px left which is not in range of 154 to 158px (/specs/fsvpubliclanding.spec:333)
  - "Highlight2" is 105px below "Highlight1" which is not in range of 183 to 187px (/specs/fsvpubliclanding.spec:334)
  - "Highlight3" width is 65px which is not in range of 80 to 86px (/specs/fsvpubliclanding.spec:338)
  - "Highlight3" height is 65px which is not in range of 80 to 86px (/specs/fsvpubliclanding.spec:339)
  - "Highlight3" is 240px left which is not in range of 145 to 149px (/specs/fsvpubliclanding.spec:340)
  - "Highlight3" is 123px below "Highlight2" which is not in range of 153 to 157px (/specs/fsvpubliclanding.spec:341)
  - "Highlight4" width is 65px which is not in range of 76 to 83px (/specs/fsvpubliclanding.spec:345)
  - "Highlight4" height is 65px which is not in range of 76 to 83px (/specs/fsvpubliclanding.spec:346)
  - "Highlight4" is 240px left which is not in range of 146 to 150px (/specs/fsvpubliclanding.spec:347)
  - "Highlight4" is 105px below "Highlight3" which is not in range of 164 to 168px (/specs/fsvpubliclanding.spec:348)
  - "HighlightTitle1" width is 480px which is not in range of 260 to 266px (/specs/fsvpubliclanding.spec:351)
  - "HighlightTitle1" css property "line-height" is "27px" but should be "26px" (/specs/fsvpubliclanding.spec:354)
  - "HighlightTitle1" is 32px left which is not in range of 51 to 55px (/specs/fsvpubliclanding.spec:355)
  - "HighlightTitle1" is 16px below "Highlight1" which is not in range of 20 to 24px (/specs/fsvpubliclanding.spec:356)
  - "HighlightTitle2" width is 480px which is not in range of 273 to 279px (/specs/fsvpubliclanding.spec:360)
  - "HighlightTitle2" css property "line-height" is "27px" but should be "26px" (/specs/fsvpubliclanding.spec:363)
  - "HighlightTitle2" is 32px left which is not in range of 48 to 52px (/specs/fsvpubliclanding.spec:364)
  - "HighlightTitle2" is 16px below "Highlight2" which is not in range of 5 to 11px (/specs/fsvpubliclanding.spec:365)
  - "HighlightTitle3" width is 480px which is not in range of 273 to 279px (/specs/fsvpubliclanding.spec:368)
  - "HighlightTitle3" css property "line-height" is "27px" but should be "26px" (/specs/fsvpubliclanding.spec:371)
  - "HighlightTitle3" is 32px left which is not in range of 50 to 54px (/specs/fsvpubliclanding.spec:372)
  - "HighlightTitle3" is 16px below "Highlight3" which is not in range of 21 to 25px (/specs/fsvpubliclanding.spec:373)
  - "HighlightTitle4" width is 480px which is not in range of 258 to 266px (/specs/fsvpubliclanding.spec:376)
  - "HighlightTitle4" css property "line-height" is "27px" but should be "26px" (/specs/fsvpubliclanding.spec:379)
  - "HighlightTitle4" is 32px left which is not in range of 52 to 56px (/specs/fsvpubliclanding.spec:380)
  - "HighlightTitle4" is 16px below "Highlight4" which is not in range of 22 to 26px (/specs/fsvpubliclanding.spec:381)
  - "HighligtSumary1" width is 480px which is not in range of 272 to 278px (/specs/fsvpubliclanding.spec:385)
  - "HighligtSumary1" height is 18px which is not in range of 36 to 44px (/specs/fsvpubliclanding.spec:386)
  - "HighligtSumary1" css property "line-height" is "18px" but should be "20px" (/specs/fsvpubliclanding.spec:388)
  - "HighligtSumary1" is 32px left which is not in range of 49 to 53px (/specs/fsvpubliclanding.spec:389)
  - "HighligtSumary2" width is 480px which is not in range of 279 to 285px (/specs/fsvpubliclanding.spec:394)
  - "HighligtSumary2" css property "line-height" is "18px" but should be "20px" (/specs/fsvpubliclanding.spec:397)
  - "HighligtSumary2" is 32px left which is not in range of 51 to 55px (/specs/fsvpubliclanding.spec:398)
  - "HighligtSumary3" width is 480px which is not in range of 274 to 280px (/specs/fsvpubliclanding.spec:403)
[...]
  - &quot;HighligtSumary4&quot; is 70px right of &quot;HighligtSumary3&quot; which is not in range of 22 to 26px (/specs/usbpubliclanding.spec:320)
  - &quot;ToolsDoc&quot; width is 992px which is not in range of 480 to 486px (/specs/usbpubliclanding.spec:520)
  - &quot;ToolsDoc&quot; css property &quot;line-height&quot; is &quot;31px&quot; but should be &quot;29px&quot; (/specs/usbpubliclanding.spec:523)
  - &quot;ToolsDoc&quot; is 89px left which is not in range of 306 to 310px (/specs/usbpubliclanding.spec:524)
  - &quot;ToolSumry&quot; width is 407px which is not in range of 480 to 486px (/specs/usbpubliclanding.spec:528)
  - &quot;ToolSumry&quot; height is 72px which is not in range of 51 to 57px (/specs/usbpubliclanding.spec:529)
  - &quot;ToolSumry&quot; is 381px left which is not in range of 306 to 310px (/specs/usbpubliclanding.spec:532)
  - &quot;ToolSumry&quot; is 29px below &quot;ToolsDoc&quot; which is not in range of 34 to 38px (/specs/usbpubliclanding.spec:533)
  - &quot;Tooltext&quot; width is 446px which is not in range of 373 to 381px (/specs/usbpubliclanding.spec:536)
  - &quot;Tooltext&quot; css property &quot;line-height&quot; is &quot;15px&quot; but should be &quot;14px&quot; (/specs/usbpubliclanding.spec:539)
  - &quot;Tooltext&quot; is 361px left which is not in range of 366 to 370px (/specs/usbpubliclanding.spec:540)
  - &quot;Tooltext&quot; is 25px below &quot;ToolSumry&quot; which is not in range of 54 to 58px (/specs/usbpubliclanding.spec:541)
  - &quot;CodeSnippet&quot; height is 300px which is not in range of 313 to 320px (/specs/usbpubliclanding.spec:545)
  - &quot;CodeSnippet&quot; is 260px left which is not in range of 221 to 225px (/specs/usbpubliclanding.spec:546)
  - &quot;CTA1&quot; is 354px left which is not in range of 319 to 323px (/specs/usbpubliclanding.spec:554)
  - &quot;CTA1&quot; css property &quot;line-height&quot; is &quot;18px&quot; but should be &quot;16px&quot; (/specs/usbpubliclanding.spec:556)
  - &quot;CTA2&quot; is 597px left which is not in range of 559 to 563px (/specs/usbpubliclanding.spec:562)
  - &quot;CTA2&quot; css property &quot;line-height&quot; is &quot;18px&quot; but should be &quot;16px&quot; (/specs/usbpubliclanding.spec:564)
  - &quot;help-component&quot; height is 228px which is not in range of 238 to 242px (/specs/usbpubliclanding.spec:670)
  - &quot;help-first-leaf&quot; is 509px left instead of 486px (/specs/usbpubliclanding.spec:673)
  - &quot;help-first-leaf&quot; height is 46px which is not in range of 29 to 33px (/specs/usbpubliclanding.spec:674)
  - &quot;help-last-leaf&quot; is 478px left instead of 566px (/specs/usbpubliclanding.spec:679)
  - &quot;help-last-leaf&quot; css property &quot;line-height&quot; is &quot;18px&quot; but should be &quot;16px&quot; (/specs/usbpubliclanding.spec:683)
  - Cannot find locator for &quot;footer-container&quot; in page spec (/specs/usbpubliclanding.spec:725)
  - Cannot find locator for &quot;footer-container&quot; in page spec (/specs/usbpubliclanding.spec:726)
  - Cannot find locator for &quot;footer-container&quot; in page spec (/specs/usbpubliclanding.spec:727)
  - Cannot find locator for &quot;footer-container&quot; in page spec (/specs/usbpubliclanding.spec:730)
  - Cannot find locator for &quot;footer-container&quot; in page spec (/specs/usbpubliclanding.spec:755)
  - &quot;footer-rtmenu-items-1&quot; is 509px right which is not in range of 301 to 303px (/specs/usbpubliclanding.spec:760)
  - &quot;footer-rtmenu-items-1&quot; height is 43px which is not in range of 18 to 22px (/specs/usbpubliclanding.spec:761)
  - color #ffffff on &quot;footer-rtmenu-items-1&quot; is 0% instead of 5% (/specs/usbpubliclanding.spec:762)
  - &quot;footer-rtmenu-items-1&quot; height is 43px which is not in range of 18 to 22px (/specs/usbpubliclanding.spec:766)
  - &quot;footer-rtmenu-items-2&quot; height is 43px which is not in range of 18 to 22px (/specs/usbpubliclanding.spec:766)
  - &quot;footer-rtmenu-items-2&quot; is 12px right of &quot;footer-rtmenu-items-1&quot; which is not in range of 39 to 40px (/specs/usbpubliclanding.spec:770)
  - &quot;footer-rtmenu-items-3&quot; height is 43px which is not in range of 18 to 22px (/specs/usbpubliclanding.spec:766)
  - &quot;footer-rtmenu-items-3&quot; is 12px right of &quot;footer-rtmenu-items-2&quot; which is not in range of 39 to 40px (/specs/usbpubliclanding.spec:770)
  - &quot;footer-rtmenu-items-4&quot; height is 43px which is not in range of 18 to 22px (/specs/usbpubliclanding.spec:766)
  - &quot;footer-rtmenu-items-4&quot; is 11px right of &quot;footer-rtmenu-items-3&quot; which is not in range of 39 to 40px (/specs/usbpubliclanding.spec:770)
  - &quot;footer-rtmenu-items-5&quot; height is 43px which is not in range of 18 to 22px (/specs/usbpubliclanding.spec:766)
  - &quot;footer-rtmenu-items-5&quot; is 12px right of &quot;footer-rtmenu-items-4&quot; which is not in range of 39 to 40px (/specs/usbpubliclanding.spec:770)
  - &quot;footer-rtmenu-items-6&quot; height is 43px which is not in range of 18 to 22px (/specs/usbpubliclanding.spec:766)
  - &quot;footer-rtmenu-items-6&quot; is -683px right of &quot;footer-rtmenu-items-5&quot; which is not in range of 39 to 40px (/specs/usbpubliclanding.spec:770)
">
      <![CDATA[com.galenframework.support.LayoutValidationException: /specs/usbpubliclanding.spec, tags: [Desktop]
  - "header-container" height is 142px which is not in range of 188 to 192px (/specs/usbpubliclanding.spec:44)
  - "left-menu-head" is 89px left instead of 0px (/specs/usbpubliclanding.spec:48)
  - "logo-img" is absent on page (/specs/usbpubliclanding.spec:51)
  - "logo-img" is absent on page (/specs/usbpubliclanding.spec:52)
  - "for-developers" is 128px left instead of 208px (/specs/usbpubliclanding.spec:55)
  - "logo-img" is absent on page (/specs/usbpubliclanding.spec:56)
  - "for-developers" height is 25px which is not in range of 19 to 23px (/specs/usbpubliclanding.spec:57)
  - "right-menuhead-items-1" is 144px right of "for-developers" instead of 413px (/specs/usbpubliclanding.spec:99)
  - "right-menuhead-items-1" height is 25px which is not in range of 19 to 23px (/specs/usbpubliclanding.spec:103)
  - "right-menuhead-items-2" height is 25px which is not in range of 19 to 23px (/specs/usbpubliclanding.spec:103)
  - "right-menuhead-items-2" is 4px right of "right-menuhead-items-1" which is not in range of 52 to 54px (/specs/usbpubliclanding.spec:107)
  - "right-menuhead-items-3" height is 25px which is not in range of 19 to 23px (/specs/usbpubliclanding.spec:103)
  - "right-menuhead-items-3" is 3px right of "right-menuhead-items-2" which is not in range of 52 to 54px (/specs/usbpubliclanding.spec:107)
  - "right-menuhead-items-4" height is 25px which is not in range of 19 to 23px (/specs/usbpubliclanding.spec:103)
  - "right-menuhead-items-4" is 3px right of "right-menuhead-items-3" which is not in range of 52 to 54px (/specs/usbpubliclanding.spec:107)
  - "right-menuhead-items-5" height is 25px which is not in range of 19 to 23px (/specs/usbpubliclanding.spec:103)
  - "right-menuhead-items-5" is 3px right of "right-menuhead-items-4" which is not in range of 52 to 54px (/specs/usbpubliclanding.spec:107)
  - "hero-banner" is 142px top instead of 0px (/specs/usbpubliclanding.spec:151)
  - color #e03e4b on "hero-banner" is 61% but it should be greater than 90% (/specs/usbpubliclanding.spec:152)
  - "hero-head" is 89px left instead of 72px, is 54px top instead of 212px (/specs/usbpubliclanding.spec:155)
  - "hero-head" css property "line-height" is "60px" but should be "58px" (/specs/usbpubliclanding.spec:158)
  - "hero-para" is 89px left instead of 72px, is 114px top instead of 270px (/specs/usbpubliclanding.spec:161)
  - "hero-para" css property "line-height" is "60px" but should be "58px" (/specs/usbpubliclanding.spec:165)
  - "hero-cta1" is 89px left instead of 75px, is 273px top instead of 432px (/specs/usbpubliclanding.spec:168)
  - "hero-cta1" is 99px below "hero-para" instead of 104px (/specs/usbpubliclanding.spec:169)
  - "hero-cta1" height is 116px which is not in range of 48 to 52px (/specs/usbpubliclanding.spec:170)
  - "hero-cta1" css property "font-size" is "14px" but should be "16px" (/specs/usbpubliclanding.spec:171)
  - "hero-cta1" css property "line-height" is "20px" but should be "18px" (/specs/usbpubliclanding.spec:172)
  - "Highlight1" is 180px left which is not in range of 134 to 138px (/specs/usbpubliclanding.spec:230)
  - "Highlight2" height is 65px which is not in range of 98 to 104px (/specs/usbpubliclanding.spec:234)
  - "Highlight2" is 428px left which is not in range of 390 to 394px (/specs/usbpubliclanding.spec:235)
  - "Highlight2" is 183px right of "Highlight1" which is not in range of 189 to 193px (/specs/usbpubliclanding.spec:236)
  - "Highlight3" width is 65px which is not in range of 80 to 86px (/specs/usbpubliclanding.spec:240)
  - "Highlight3" height is 107px which is not in range of 80 to 86px (/specs/usbpubliclanding.spec:241)
  - "Highlight3" is 676px left which is not in range of 634 to 638px (/specs/usbpubliclanding.spec:242)
  - "Highlight4" width is 65px which is not in range of 76 to 83px (/specs/usbpubliclanding.spec:247)
  - "Highlight4" height is 65px which is not in range of 76 to 83px (/specs/usbpubliclanding.spec:248)
  - "Highlight4" is 924px left which is not in range of 893 to 897px (/specs/usbpubliclanding.spec:249)
  - "Highlight4" is 183px right of "Highlight3" which is not in range of 175 to 179px (/specs/usbpubliclanding.spec:250)
  - "HighlightTitle1" width is 178px which is not in range of 226 to 232px (/specs/usbpubliclanding.spec:253)
  - "HighlightTitle1" css property "line-height" is "27px" but should be "26px" (/specs/usbpubliclanding.spec:256)
  - "HighlightTitle1" is 124px left which is not in range of 53 to 57px (/specs/usbpubliclanding.spec:257)
  - "HighlightTitle2" width is 178px which is not in range of 226 to 232px (/specs/usbpubliclanding.spec:262)
  - "HighlightTitle2" height is 54px which is not in range of 23 to 29px (/specs/usbpubliclanding.spec:263)
  - "HighlightTitle2" css property "line-height" is "27px" but should be "26px" (/specs/usbpubliclanding.spec:265)
  - "HighlightTitle2" is 372px left which is not in range of 305 to 311px (/specs/usbpubliclanding.spec:266)
  - "HighlightTitle2" is 53px below "Highlight2" which is not in range of 19 to 23px (/specs/usbpubliclanding.spec:267)
  - "HighlightTitle2" is 70px right of "HighlightTitle1" which is not in range of 21.97 to 25.97px (/specs/usbpubliclanding.spec:268)
  - "HighlightTitle3" width is 178px which is not in range of 226 to 232px (/specs/usbpubliclanding.spec:270)
  - "HighlightTitle3" css property "line-height" is "27px" but should be "26px" (/specs/usbpubliclanding.spec:273)
  - "HighlightTitle3" is 620px left which is not in range of 560 to 564px (/specs/usbpubliclanding.spec:274)
  - "HighlightTitle3" is 11px below "Highlight3" instead of 37px (/specs/usbpubliclanding.spec:275)
  - "HighlightTitle3" is 70px right of "HighlightTitle2" which is not in range of 23 to 27px (/specs/usbpubliclanding.spec:276)
  - "HighlightTitle4" width is 178px which is not in range of 226 to 232px (/specs/usbpubliclanding.spec:278)
  - "HighlightTitle4" height is 54px which is not in range of 23 to 29px (/specs/usbpubliclanding.spec:279)
  - "HighlightTitle4" css property "line-height" is "27px" but should be "26px" (/specs/usbpubliclanding.spec:281)
  - "HighlightTitle4" is 868px left which is not in range of 893 to 897px (/specs/usbpubliclanding.spec:282)
  - "HighlightTitle4" is 53px below "Highlight4" which is not in range of 36 to 40px (/specs/usbpubliclanding.spec:283)
  - "HighlightTitle4" is 70px right of "HighlightTitle3" which is not in range of 22 to 26px (/specs/usbpubliclanding.spec:284)
  - "HighligtSumary1" width is 178px which is not in range of 226 to 232px (/specs/usbpubliclanding.spec:287)
  - "HighligtSumary1" is 124px left which is not in range of 53 to 57px (/specs/usbpubliclanding.spec:291)
  - "HighligtSumary2" width is 178px which is not in range of 229 to 233px (/specs/usbpubliclanding.spec:296)
  - "HighligtSumary2" height is 72px which is not in range of 33 to 39px (/specs/usbpubliclanding.spec:297)
  - "HighligtSumary2" is 372px left which is not in range of 304 to 308px (/specs/usbpubliclanding.spec:300)
  - "HighligtSumary2" is 70px right of "HighligtSumary1" which is not in range of 20 to 24px (/specs/usbpubliclanding.spec:302)
  - "HighligtSumary3" width is 178px which is not in range of 226 to 232px (/specs/usbpubliclanding.spec:305)
  - "HighligtSumary3" is 620px left which is not in range of 561 to 565px (/specs/usbpubliclanding.spec:309)
  - "HighligtSumary3" is 70px right of "HighligtSumary2" which is not in range of 23 to 27px (/specs/usbpubliclanding.spec:311)
  - "HighligtSumary4" width is 178px which is not in range of 226 to 232px (/specs/usbpubliclanding.spec:314)
  - "HighligtSumary4" height is 72px which is not in range of 51 to 57px (/specs/usbpubliclanding.spec:315)
  - "HighligtSumary4" is 868px left which is not in range of 814 to 818px (/specs/usbpubliclanding.spec:318)
  - "HighligtSumary4" is 41px below "HighlightTitle3" which is not in range of 14 to 19px (/specs/usbpubliclanding.spec:319)
  - "HighligtSumary4" is 70px right of "HighligtSumary3" which is not in range of 22 to 26px (/specs/usbpubliclanding.spec:320)
  - "ToolsDoc" width is 992px which is not in range of 480 to 486px (/specs/usbpubliclanding.spec:520)
  - "ToolsDoc" css property "line-height" is "31px" but should be "29px" (/specs/usbpubliclanding.spec:523)
  - "ToolsDoc" is 89px left which is not in range of 306 to 310px (/specs/usbpubliclanding.spec:524)
  - "ToolSumry" width is 407px which is not in range of 480 to 486px (/specs/usbpubliclanding.spec:528)
  - "ToolSumry" height is 72px which is not in range of 51 to 57px (/specs/usbpubliclanding.spec:529)
  - "ToolSumry" is 381px left which is not in range of 306 to 310px (/specs/usbpubliclanding.spec:532)
  - "ToolSumry" is 29px below "ToolsDoc" which is not in range of 34 to 38px (/specs/usbpubliclanding.spec:533)
  - "Tooltext" width is 446px which is not in range of 373 to 381px (/specs/usbpubliclanding.spec:536)
  - "Tooltext" css property "line-height" is "15px" but should be "14px" (/specs/usbpubliclanding.spec:539)
  - "Tooltext" is 361px left which is not in range of 366 to 370px (/specs/usbpubliclanding.spec:540)
  - "Tooltext" is 25px below "ToolSumry" which is not in range of 54 to 58px (/specs/usbpubliclanding.spec:541)
  - "CodeSnippet" height is 300px which is not in range of 313 to 320px (/specs/usbpubliclanding.spec:545)
  - "CodeSnippet" is 260px left which is not in range of 221 to 225px (/specs/usbpubliclanding.spec:546)
  - "CTA1" is 354px left which is not in range of 319 to 323px (/specs/usbpubliclanding.spec:554)
  - "CTA1" css property "line-height" is "18px" but should be "16px" (/specs/usbpubliclanding.spec:556)
  - "CTA2" is 597px left which is not in range of 559 to 563px (/specs/usbpubliclanding.spec:562)
  - "CTA2" css property "line-height" is "18px" but should be "16px" (/specs/usbpubliclanding.spec:564)
  - "help-component" height is 228px which is not in range of 238 to 242px (/specs/usbpubliclanding.spec:670)
  - "help-first-leaf" is 509px left instead of 486px (/specs/usbpubliclanding.spec:673)
  - "help-first-leaf" height is 46px which is not in range of 29 to 33px (/specs/usbpubliclanding.spec:674)
  - "help-last-leaf" is 478px left instead of 566px (/specs/usbpubliclanding.spec:679)
  - "help-last-leaf" css property "line-height" is "18px" but should be "16px" (/specs/usbpubliclanding.spec:683)
  - Cannot find locator for "footer-container" in page spec (/specs/usbpubliclanding.spec:725)
  - Cannot find locator for "footer-container" in page spec (/specs/usbpubliclanding.spec:726)
  - Cannot find locator for "footer-container" in page spec (/specs/usbpubliclanding.spec:727)
  - Cannot find locator for "footer-container" in page spec (/specs/usbpubliclanding.spec:730)
  - Cannot find locator for "footer-container" in page spec (/specs/usbpubliclanding.spec:755)
  - "footer-rtmenu-items-1" is 509px right which is not in range of 301 to 303px (/specs/usbpubliclanding.spec:760)
  - "footer-rtmenu-items-1" height is 43px which is not in range of 18 to 22px (/specs/usbpubliclanding.spec:761)
  - color #ffffff on "footer-rtmenu-items-1" is 0% instead of 5% (/specs/usbpubliclanding.spec:762)
  - "footer-rtmenu-items-1" height is 43px which is not in range of 18 to 22px (/specs/usbpubliclanding.spec:766)
  - "footer-rtmenu-items-2" height is 43px which is not in range of 18 to 22px (/specs/usbpubliclanding.spec:766)
  - "footer-rtmenu-items-2" is 12px right of "footer-rtmenu-items-1" which is not in range of 39 to 40px (/specs/usbpubliclanding.spec:770)
  - "footer-rtmenu-items-3" height is 43px which is not in range of 18 to 22px (/specs/usbpubliclanding.spec:766)
  - "footer-rtmenu-items-3" is 12px right of "footer-rtmenu-items-2" which is not in range of 39 to 40px (/specs/usbpubliclanding.spec:770)
  - "footer-rtmenu-items-4" height is 43px which is not in range of 18 to 22px (/specs/usbpubliclanding.spec:766)
  - "footer-rtmenu-items-4" is 11px right of "footer-rtmenu-items-3" which is not in range of 39 to 40px (/specs/usbpubliclanding.spec:770)
  - "footer-rtmenu-items-5" height is 43px which is not in range of 18 to 22px (/specs/usbpubliclanding.spec:766)
  - "footer-rtmenu-items-5" is 12px right of "footer-rtmenu-items-4" which is not in range of 39 to 40px (/specs/usbpubliclanding.spec:770)
  - "footer-rtmenu-items-6" height is 43px which is not in range of 18 to 22px (/specs/usbpubliclanding.spec:766)
  - "footer-rtmenu-items-6" is -683px right of "footer-rtmenu-items-5" which is not in range of 39 to 40px (/specs/usbpubliclanding.spec:770)

	at com.galenframework.support.GalenJavaTestBase.checkLayout(GalenJavaTestBase.java:129)
	at com.galenframework.support.GalenJavaTestBase.checkLayout(GalenJavaTestBase.java:111)
	at com.galenframework.java.USB.tests.SecureLandingPage_creative_Verification.usbPublicLandingPage(SecureLandingPage_creative_Verification.java:34)
	at sun.reflect.NativeMethodAccessorImpl.invoke0(Native Method)
	at sun.reflect.NativeMethodAccessorImpl.invoke(NativeMethodAccessorImpl.java:62)
	at sun.reflect.DelegatingMethodAccessorImpl.invoke(DelegatingMethodAccessorImpl.java:43)
	at java.lang.reflect.Method.invoke(Method.java:498)
	at org.testng.internal.MethodInvocationHelper.invokeMethod(MethodInvocationHelper.java:80)
	at org.testng.internal.Invoker.invokeMethod(Invoker.java:715)
	at org.testng.internal.Invoker.invokeTestMethod(Invoker.java:907)
	at org.testng.internal.Invoker.invokeTestMethods(Invoker.java:1237)
	at org.testng.internal.TestMethodWorker.invokeTestMethods(TestMethodWorker.java:127)
	at org.testng.internal.TestMethodWorker.run(TestMethodWorker.java:111)
	at org.testng.TestRunner.privateRun(TestRunner.java:767)
	at org.testng.TestRunner.run(TestRunner.java:617)
	at org.testng.SuiteRunner.runTest(SuiteRunner.java:334)
	at org.testng.SuiteRunner.runSequentially(SuiteRunner.java:329)
	at org.testng.SuiteRunner.privateRun(SuiteRunner.java:291)
	at org.testng.SuiteRunner.run(SuiteRunner.java:240)
	at org.testng.SuiteRunnerWorker.runSuite(SuiteRunnerWorker.java:51)
	at org.testng.SuiteRunnerWorker.run(SuiteRunnerWorker.java:85)
	at org.testng.TestNG.runSuitesSequentially(TestNG.java:1197)
	at org.testng.TestNG.runSuitesLocally(TestNG.java:1122)
	at org.testng.TestNG.run(TestNG.java:1030)
	at org.testng.remote.AbstractRemoteTestNG.run(AbstractRemoteTestNG.java:132)
	at org.testng.remote.RemoteTestNG.initAndRun(RemoteTestNG.java:230)
	at org.testng.remote.RemoteTestNG.main(RemoteTestNG.java:76)
]]>
    </failure>
  </testcase> <!-- usbPublicLandingPage -->
</testsuite> <!-- com.galenframework.java.USB.tests.SecureLandingPage_creative_Verification -->
